TN:
SF:.eslintrc.cjs
FN:1,(empty-report)
FNF:1
FNH:0
FNDA:0,(empty-report)
DA:1,0
DA:2,0
DA:3,0
DA:4,0
DA:5,0
DA:6,0
DA:7,0
DA:8,0
DA:9,0
DA:10,0
DA:11,0
DA:12,0
DA:13,0
DA:14,0
DA:15,0
DA:16,0
DA:17,0
DA:18,0
DA:19,0
LF:19
LH:0
BRDA:1,0,0,0
BRF:1
BRH:0
end_of_record
TN:
SF:electron-build.config.js
FN:1,(empty-report)
FNF:1
FNH:0
FNDA:0,(empty-report)
DA:1,0
DA:2,0
DA:3,0
DA:4,0
DA:5,0
DA:6,0
DA:7,0
DA:8,0
DA:9,0
DA:10,0
DA:11,0
DA:12,0
DA:13,0
DA:14,0
DA:15,0
DA:16,0
DA:17,0
DA:18,0
DA:19,0
DA:20,0
DA:21,0
DA:22,0
DA:23,0
DA:24,0
DA:25,0
DA:26,0
DA:27,0
DA:28,0
DA:29,0
DA:30,0
DA:31,0
DA:32,0
DA:33,0
DA:34,0
DA:35,0
DA:36,0
DA:37,0
DA:38,0
DA:39,0
DA:40,0
DA:41,0
DA:42,0
DA:43,0
DA:44,0
DA:45,0
DA:46,0
LF:46
LH:0
BRDA:1,0,0,0
BRF:1
BRH:0
end_of_record
TN:
SF:electron-builder.config.js
FN:1,(empty-report)
FNF:1
FNH:0
FNDA:0,(empty-report)
DA:1,0
DA:2,0
DA:3,0
DA:4,0
DA:5,0
DA:6,0
DA:7,0
DA:8,0
DA:9,0
DA:10,0
DA:11,0
DA:12,0
DA:13,0
DA:14,0
DA:15,0
DA:16,0
DA:17,0
DA:18,0
DA:19,0
DA:20,0
DA:21,0
LF:21
LH:0
BRDA:1,0,0,0
BRF:1
BRH:0
end_of_record
TN:
SF:postcss.config.js
FN:1,(empty-report)
FNF:1
FNH:0
FNDA:0,(empty-report)
DA:1,0
DA:2,0
DA:3,0
DA:4,0
DA:5,0
DA:6,0
LF:6
LH:0
BRDA:1,0,0,0
BRF:1
BRH:0
end_of_record
TN:
SF:tailwind.config.js
FN:1,(empty-report)
FNF:1
FNH:0
FNDA:0,(empty-report)
DA:1,0
DA:2,0
DA:3,0
DA:4,0
DA:5,0
DA:6,0
DA:7,0
DA:8,0
DA:9,0
DA:10,0
DA:11,0
DA:12,0
DA:13,0
DA:14,0
DA:15,0
DA:16,0
DA:17,0
DA:18,0
DA:19,0
DA:20,0
DA:21,0
DA:22,0
DA:23,0
DA:24,0
DA:25,0
DA:26,0
DA:27,0
DA:28,0
DA:29,0
DA:30,0
DA:31,0
DA:32,0
DA:33,0
DA:34,0
DA:35,0
DA:36,0
DA:37,0
DA:38,0
DA:39,0
DA:40,0
DA:41,0
DA:42,0
DA:43,0
DA:44,0
DA:45,0
DA:46,0
DA:47,0
DA:48,0
DA:49,0
DA:50,0
DA:51,0
DA:52,0
DA:53,0
DA:54,0
DA:55,0
DA:56,0
DA:57,0
DA:58,0
DA:59,0
DA:60,0
DA:61,0
DA:62,0
DA:63,0
DA:64,0
DA:65,0
DA:66,0
DA:67,0
DA:68,0
LF:68
LH:0
BRDA:1,0,0,0
BRF:1
BRH:0
end_of_record
TN:
SF:build\win-sign.js
FN:1,(empty-report)
FNF:1
FNH:0
FNDA:0,(empty-report)
DA:1,0
DA:2,0
DA:3,0
DA:4,0
DA:5,0
DA:6,0
DA:7,0
DA:8,0
DA:9,0
DA:10,0
DA:11,0
DA:12,0
DA:13,0
DA:14,0
DA:15,0
DA:16,0
DA:17,0
DA:18,0
DA:19,0
DA:20,0
DA:21,0
DA:22,0
DA:23,0
DA:24,0
DA:25,0
DA:26,0
DA:27,0
LF:27
LH:0
BRDA:1,0,0,0
BRF:1
BRH:0
end_of_record
TN:
SF:electron\main.ts
FN:41,createWindow
FN:115,loadDevServer
FNF:2
FNH:1
FNDA:99,createWindow
FNDA:0,loadDevServer
DA:1,1
DA:2,1
DA:3,1
DA:4,1
DA:5,1
DA:6,1
DA:7,1
DA:8,1
DA:9,1
DA:10,1
DA:11,1
DA:12,1
DA:13,1
DA:14,1
DA:15,1
DA:16,0
DA:17,0
DA:18,0
DA:19,0
DA:20,0
DA:21,0
DA:22,0
DA:23,0
DA:24,0
DA:25,1
DA:26,1
DA:27,1
DA:28,0
DA:29,0
DA:30,0
DA:31,0
DA:32,1
DA:33,1
DA:34,1
DA:35,0
DA:36,0
DA:37,0
DA:38,1
DA:39,1
DA:40,1
DA:41,99
DA:42,99
DA:43,99
DA:44,0
DA:45,99
DA:46,99
DA:47,99
DA:48,99
DA:49,99
DA:50,99
DA:51,99
DA:52,99
DA:53,99
DA:54,99
DA:55,99
DA:56,99
DA:57,99
DA:58,99
DA:59,99
DA:60,99
DA:61,99
DA:62,99
DA:63,99
DA:64,0
DA:65,99
DA:66,99
DA:67,99
DA:68,99
DA:69,0
DA:70,0
DA:71,0
DA:72,0
DA:73,0
DA:74,0
DA:75,0
DA:76,0
DA:77,99
DA:78,99
DA:79,99
DA:80,99
DA:81,0
DA:82,99
DA:83,99
DA:84,99
DA:85,0
DA:86,99
DA:87,99
DA:88,99
DA:89,99
DA:90,0
DA:91,0
DA:92,0
DA:93,0
DA:94,0
DA:95,99
DA:96,99
DA:97,99
DA:98,99
DA:99,0
DA:100,0
DA:101,0
DA:102,0
DA:103,0
DA:104,0
DA:105,0
DA:106,0
DA:107,0
DA:108,0
DA:109,99
DA:110,99
DA:111,99
DA:112,99
DA:113,99
DA:114,0
DA:115,0
DA:116,0
DA:117,0
DA:118,0
DA:119,0
DA:120,0
DA:121,0
DA:122,0
DA:123,0
DA:124,0
DA:125,0
DA:126,0
DA:127,0
DA:128,0
DA:129,0
DA:130,0
DA:131,0
DA:132,0
DA:133,0
DA:134,0
DA:135,0
DA:136,99
DA:137,0
DA:138,0
DA:139,99
DA:140,99
DA:141,0
DA:142,99
DA:143,99
DA:144,1
DA:145,1
DA:146,99
DA:147,99
DA:148,99
DA:149,0
DA:150,0
DA:151,0
DA:152,99
DA:153,99
DA:154,1
DA:155,1
DA:156,0
DA:157,0
DA:158,0
DA:159,0
DA:160,1
DA:161,1
DA:162,1
DA:163,1
DA:164,1
DA:165,5
DA:166,5
DA:167,5
DA:168,1
DA:169,1
DA:170,1
DA:171,3
DA:172,3
DA:173,3
DA:174,3
DA:175,3
DA:176,3
DA:177,3
DA:178,3
DA:179,3
DA:180,3
DA:181,3
DA:182,3
DA:183,1
DA:184,1
DA:185,2
DA:186,2
DA:187,2
DA:188,2
DA:189,3
DA:190,1
DA:191,1
DA:192,1
DA:193,1
DA:194,1
DA:195,1
DA:196,1
DA:197,3
DA:198,0
DA:199,0
DA:200,3
DA:201,1
DA:202,1
DA:203,1
DA:204,4
DA:205,4
DA:206,4
DA:207,4
DA:208,4
DA:209,4
DA:210,4
DA:211,4
DA:212,4
DA:213,4
DA:214,4
DA:215,4
DA:216,1
DA:217,1
DA:218,3
DA:219,3
DA:220,3
DA:221,3
DA:222,4
DA:223,1
DA:224,1
DA:225,2
DA:226,2
DA:227,2
DA:228,2
DA:229,1
DA:230,1
DA:231,1
DA:232,1
DA:233,4
DA:234,1
DA:235,1
DA:236,1
DA:237,2
DA:238,2
DA:239,2
DA:240,2
DA:241,2
DA:242,2
DA:243,2
DA:244,2
DA:245,0
DA:246,0
DA:247,2
DA:248,2
DA:249,2
DA:250,2
DA:251,2
DA:252,1
DA:253,1
DA:254,1
DA:255,1
DA:256,1
DA:257,1
DA:258,1
DA:259,1
DA:260,2
DA:261,1
DA:262,1
DA:263,1
DA:264,1
DA:265,1
DA:266,1
DA:267,1
DA:268,2
DA:269,0
DA:270,0
DA:271,2
DA:272,1
DA:273,1
DA:274,1
DA:275,5
DA:276,5
DA:277,5
DA:278,5
DA:279,5
DA:280,5
DA:281,5
DA:282,5
DA:283,5
DA:284,5
DA:285,5
DA:286,5
DA:287,5
DA:288,5
DA:289,1
DA:290,1
DA:291,4
DA:292,4
DA:293,5
DA:294,0
DA:295,0
DA:296,4
DA:297,4
DA:298,4
DA:299,4
DA:300,4
DA:301,5
DA:302,2
DA:303,0
DA:304,0
DA:305,2
DA:306,2
DA:307,2
DA:308,2
DA:309,2
DA:310,1
DA:311,1
DA:312,3
DA:313,3
DA:314,5
DA:315,2
DA:316,2
DA:317,2
DA:318,2
DA:319,1
DA:320,1
DA:321,1
DA:322,1
DA:323,1
DA:324,1
DA:325,1
DA:326,1
DA:327,1
DA:328,1
DA:329,1
DA:330,1
DA:331,1
DA:332,1
DA:333,1
DA:334,2
DA:335,2
DA:336,2
DA:337,2
DA:338,2
DA:339,5
DA:340,1
DA:341,1
DA:342,1
DA:343,3
DA:344,3
DA:345,3
DA:346,3
DA:347,3
DA:348,1
DA:349,1
DA:350,1
DA:351,1
DA:352,3
DA:353,0
DA:354,0
DA:355,3
DA:356,3
DA:357,3
DA:358,3
DA:359,3
DA:360,3
DA:361,3
DA:362,3
DA:363,3
DA:364,2
DA:365,3
DA:366,1
DA:367,1
DA:368,1
DA:369,1
DA:370,1
DA:371,1
DA:372,1
DA:373,1
DA:374,1
DA:375,1
DA:376,1
DA:377,1
DA:378,3
DA:379,1
DA:380,1
DA:381,1
DA:382,4
DA:383,2
DA:384,2
DA:385,2
DA:386,2
DA:387,2
DA:388,1
DA:389,1
DA:390,1
DA:391,1
DA:392,1
DA:393,1
DA:394,1
DA:395,1
DA:396,1
DA:397,4
DA:398,1
DA:399,1
DA:400,1
DA:401,4
DA:402,2
DA:403,2
DA:404,2
DA:405,2
DA:406,2
DA:407,1
DA:408,1
DA:409,1
DA:410,1
DA:411,4
DA:412,1
DA:413,1
DA:414,1
DA:415,1
DA:416,1
DA:417,2
DA:418,2
DA:419,2
DA:420,2
DA:421,2
DA:422,2
DA:423,2
DA:424,2
DA:425,0
DA:426,0
DA:427,2
DA:428,2
DA:429,2
DA:430,2
DA:431,2
DA:432,0
DA:433,0
DA:434,2
DA:435,2
DA:436,2
DA:437,2
DA:438,2
DA:439,2
DA:440,1
DA:441,1
DA:442,1
DA:443,1
DA:444,1
DA:445,1
DA:446,1
DA:447,1
DA:448,1
DA:449,1
DA:450,1
DA:451,2
DA:452,2
DA:453,2
DA:454,2
DA:455,2
DA:456,2
DA:457,2
DA:458,2
DA:459,2
DA:460,1
DA:461,1
DA:462,1
DA:463,4
DA:464,4
DA:465,4
DA:466,4
DA:467,3
DA:468,3
DA:469,3
DA:470,3
DA:471,1
DA:472,1
DA:473,1
DA:474,1
DA:475,3
DA:476,1
DA:477,1
DA:478,1
DA:479,1
DA:480,3
DA:481,4
DA:482,4
DA:483,4
DA:484,1
DA:485,1
DA:486,1
DA:487,5
DA:488,1
DA:489,1
DA:490,4
DA:491,4
DA:492,5
DA:493,1
DA:494,1
DA:495,2
DA:496,2
DA:497,5
DA:498,1
DA:499,1
DA:500,1
DA:501,1
DA:502,1
DA:503,1
DA:504,1
DA:505,1
DA:506,1
DA:507,1
DA:508,1
DA:509,5
DA:510,1
DA:511,1
DA:512,1
DA:513,4
DA:514,2
DA:515,2
DA:516,2
DA:517,2
DA:518,4
DA:519,0
DA:520,0
DA:521,2
DA:522,2
DA:523,2
DA:524,2
DA:525,2
DA:526,2
DA:527,1
DA:528,4
DA:529,2
DA:530,1
DA:531,1
DA:532,1
DA:533,1
DA:534,1
DA:535,1
DA:536,1
DA:537,1
DA:538,1
DA:539,1
DA:540,1
DA:541,1
DA:542,1
DA:543,1
DA:544,1
DA:545,1
DA:546,1
DA:547,1
DA:548,1
DA:549,0
DA:550,0
DA:551,0
DA:552,1
DA:553,1
DA:554,1
DA:555,1
DA:556,1
DA:557,4
DA:558,1
DA:559,1
DA:560,1
DA:561,5
DA:562,5
DA:563,5
DA:564,1
DA:565,1
DA:566,1
DA:567,4
DA:568,5
DA:569,1
DA:570,1
DA:571,1
DA:572,3
DA:573,3
DA:574,3
DA:575,3
DA:576,3
DA:577,2
DA:578,2
DA:579,5
DA:580,1
DA:581,1
DA:582,1
DA:583,1
DA:584,1
DA:585,1
DA:586,2
DA:587,2
DA:588,2
DA:589,2
DA:590,5
DA:591,0
DA:592,0
DA:593,2
DA:594,5
DA:595,0
DA:596,0
DA:597,0
DA:598,2
DA:599,2
DA:600,2
DA:601,5
DA:602,1
DA:603,1
DA:604,1
DA:605,5
DA:606,1
DA:607,1
DA:608,1
DA:609,5
DA:610,5
DA:611,1
DA:612,1
DA:613,4
DA:614,4
DA:615,4
DA:616,4
DA:617,4
DA:618,4
DA:619,4
DA:620,5
DA:621,5
DA:622,5
DA:623,5
DA:624,5
DA:625,5
DA:626,5
DA:627,1
DA:628,1
DA:629,1
DA:630,1
DA:631,1
DA:632,1
DA:633,1
DA:634,1
DA:635,0
DA:636,0
DA:637,1
DA:638,5
DA:639,4
DA:640,4
DA:641,5
DA:642,5
DA:643,5
DA:644,5
DA:645,5
DA:646,5
DA:647,0
DA:648,0
DA:649,0
DA:650,0
DA:651,5
DA:652,5
DA:653,5
DA:654,5
DA:655,5
DA:656,5
DA:657,5
DA:658,5
DA:659,5
DA:660,5
DA:661,4
DA:662,4
DA:663,4
DA:664,4
DA:665,4
DA:666,5
DA:667,0
DA:668,0
DA:669,5
DA:670,1
DA:671,1
DA:672,1
DA:673,5
DA:674,1
DA:675,1
DA:676,4
DA:677,4
DA:678,4
DA:679,4
DA:680,4
DA:681,4
DA:682,4
DA:683,4
DA:684,4
DA:685,8
DA:686,8
DA:687,2
DA:688,2
DA:689,6
DA:690,6
DA:691,6
DA:692,8
DA:693,1
DA:694,1
DA:695,1
DA:696,5
DA:697,5
DA:698,8
DA:699,1
DA:700,1
DA:701,1
DA:702,4
DA:703,4
DA:704,8
DA:705,0
DA:706,0
DA:707,0
DA:708,4
DA:709,4
DA:710,8
DA:711,1
DA:712,1
DA:713,1
DA:714,3
DA:715,3
DA:716,8
DA:717,0
DA:718,0
DA:719,0
DA:720,3
DA:721,3
DA:722,4
DA:723,4
DA:724,3
DA:725,3
DA:726,3
DA:727,3
DA:728,3
DA:729,3
DA:730,3
DA:731,3
DA:732,3
DA:733,4
DA:734,4
DA:735,4
DA:736,4
DA:737,4
DA:738,4
DA:739,4
DA:740,4
DA:741,2
DA:742,2
DA:743,2
DA:744,2
DA:745,2
DA:746,2
DA:747,2
DA:748,2
DA:749,1
DA:750,1
DA:751,1
DA:752,1
DA:753,1
DA:754,2
DA:755,2
DA:756,2
DA:757,2
DA:758,2
DA:759,2
DA:760,2
DA:761,2
DA:762,2
DA:763,2
DA:764,4
DA:765,4
DA:766,4
DA:767,4
DA:768,4
DA:769,4
DA:770,4
DA:771,4
DA:772,4
DA:773,4
DA:774,4
DA:775,4
DA:776,4
DA:777,4
DA:778,4
DA:779,4
DA:780,4
DA:781,4
DA:782,4
DA:783,4
DA:784,2
DA:785,2
DA:786,4
DA:787,4
DA:788,4
DA:789,4
DA:790,2
DA:791,2
DA:792,2
DA:793,2
DA:794,1
DA:795,1
DA:796,0
DA:797,0
DA:798,1
DA:799,1
DA:800,1
DA:801,1
DA:802,1
DA:803,0
DA:804,0
DA:805,0
DA:806,1
DA:807,1
DA:808,2
DA:809,2
DA:810,2
DA:811,2
DA:812,2
DA:813,2
DA:814,2
DA:815,2
DA:816,2
DA:817,2
DA:818,2
DA:819,1
DA:820,1
DA:821,1
DA:822,1
DA:823,1
DA:824,1
DA:825,0
DA:826,0
DA:827,1
DA:828,1
DA:829,1
DA:830,1
DA:831,1
DA:832,1
DA:833,1
DA:834,1
DA:835,1
DA:836,1
DA:837,2
DA:838,2
DA:839,1
DA:840,1
DA:841,2
DA:842,4
DA:843,4
DA:844,4
DA:845,4
DA:846,2
DA:847,4
DA:848,4
DA:849,4
DA:850,4
DA:851,4
DA:852,2
DA:853,1
DA:854,2
DA:855,4
DA:856,4
DA:857,4
DA:858,4
DA:859,4
DA:860,4
DA:861,4
DA:862,4
DA:863,4
DA:864,4
DA:865,4
DA:866,5
DA:867,2
DA:868,2
DA:869,2
DA:870,2
DA:871,2
DA:872,2
DA:873,4
DA:874,4
DA:875,4
DA:876,4
DA:877,4
DA:878,4
DA:879,4
DA:880,4
DA:881,4
DA:882,4
DA:883,4
DA:884,5
DA:885,0
DA:886,0
DA:887,0
DA:888,5
DA:889,1
DA:890,1
DA:891,1
DA:892,6
DA:893,1
DA:894,1
DA:895,5
DA:896,5
DA:897,6
DA:898,3
DA:899,3
DA:900,6
DA:901,1
DA:902,1
DA:903,5
DA:904,5
DA:905,5
DA:906,5
DA:907,5
DA:908,4
DA:909,6
DA:910,1
DA:911,1
DA:912,1
DA:913,6
DA:914,3
DA:915,3
DA:916,2
DA:917,2
DA:918,6
DA:919,2
DA:920,2
DA:921,2
DA:922,2
DA:923,2
DA:924,2
DA:925,6
DA:926,1
DA:927,1
DA:928,1
DA:929,1
DA:930,1
DA:931,1
DA:932,0
DA:933,0
DA:934,1
DA:935,1
DA:936,1
DA:937,1
DA:938,1
DA:939,1
DA:940,1
DA:941,0
DA:942,0
DA:943,1
DA:944,1
DA:945,1
DA:946,1
DA:947,1
DA:948,1
DA:949,1
DA:950,4
DA:951,1
DA:952,1
DA:953,3
DA:954,3
DA:955,3
DA:956,2
DA:957,4
DA:958,1
DA:959,1
DA:960,4
DA:961,1
DA:962,1
DA:963,1
DA:964,5
DA:965,1
DA:966,1
DA:967,4
DA:968,4
DA:969,4
DA:970,4
DA:971,5
DA:972,1
DA:973,1
DA:974,3
DA:975,3
DA:976,3
DA:977,2
DA:978,2
DA:979,2
DA:980,2
DA:981,2
DA:982,2
DA:983,2
DA:984,2
DA:985,2
DA:986,2
DA:987,1
DA:988,5
DA:989,1
DA:990,1
DA:991,1
DA:992,1
DA:993,0
DA:994,0
DA:995,1
DA:996,5
DA:997,1
DA:998,1
DA:999,2
DA:1000,2
DA:1001,2
DA:1002,2
DA:1003,2
DA:1004,2
DA:1005,2
DA:1006,2
DA:1007,2
DA:1008,2
DA:1009,2
DA:1010,2
DA:1011,5
DA:1012,1
DA:1013,1
DA:1014,1
DA:1015,5
DA:1016,0
DA:1017,0
DA:1018,5
DA:1019,5
DA:1020,5
DA:1021,5
DA:1022,5
DA:1023,5
DA:1024,5
DA:1025,5
DA:1026,5
DA:1027,5
DA:1028,5
DA:1029,0
DA:1030,0
DA:1031,0
DA:1032,0
DA:1033,0
DA:1034,0
DA:1035,0
DA:1036,5
DA:1037,5
DA:1038,5
DA:1039,1
DA:1040,1
DA:1041,1
DA:1042,1
DA:1043,1
DA:1044,1
DA:1045,0
DA:1046,0
DA:1047,0
DA:1048,0
DA:1049,1
DA:1050,4
DA:1051,4
DA:1052,4
DA:1053,4
DA:1054,4
DA:1055,1
DA:1056,1
DA:1057,5
DA:1058,3
DA:1059,3
DA:1060,3
DA:1061,3
DA:1062,3
DA:1063,3
DA:1064,3
DA:1065,3
DA:1066,3
DA:1067,3
DA:1068,3
DA:1069,3
DA:1070,3
DA:1071,2
DA:1072,2
DA:1073,3
DA:1074,3
DA:1075,1
DA:1076,1
DA:1077,1
DA:1078,1
DA:1079,1
DA:1080,1
DA:1081,0
DA:1082,0
DA:1083,0
DA:1084,0
DA:1085,1
DA:1086,2
DA:1087,2
DA:1088,2
DA:1089,2
DA:1090,2
DA:1091,5
DA:1092,1
DA:1093,1
DA:1094,1
DA:1095,6
DA:1096,0
DA:1097,0
DA:1098,6
DA:1099,6
DA:1100,2
DA:1101,2
DA:1102,4
DA:1103,4
DA:1104,4
DA:1105,6
DA:1106,1
DA:1107,1
DA:1108,3
DA:1109,3
DA:1110,3
DA:1111,3
DA:1112,3
DA:1113,3
DA:1114,3
DA:1115,3
DA:1116,2
DA:1117,6
DA:1118,3
DA:1119,3
DA:1120,3
DA:1121,3
DA:1122,2
DA:1123,2
DA:1124,3
DA:1125,3
DA:1126,1
DA:1127,1
DA:1128,1
DA:1129,6
DA:1130,2
DA:1131,2
DA:1132,6
DA:1133,1
DA:1134,1
DA:1135,1
DA:1136,1
DA:1137,0
DA:1138,0
DA:1139,1
DA:1140,1
DA:1141,1
DA:1142,1
DA:1143,1
DA:1144,0
DA:1145,0
DA:1146,1
DA:1147,1
DA:1148,1
DA:1149,1
DA:1150,6
DA:1151,1
DA:1152,1
DA:1153,5
DA:1154,5
DA:1155,5
DA:1156,4
DA:1157,4
DA:1158,4
DA:1159,4
DA:1160,4
DA:1161,6
DA:1162,3
DA:1163,2
DA:1164,2
DA:1165,1
DA:1166,1
DA:1167,4
DA:1168,4
DA:1169,4
DA:1170,4
DA:1171,4
DA:1172,4
DA:1173,6
DA:1174,1
DA:1175,1
DA:1176,6
DA:1177,1
DA:1178,1
DA:1179,1
DA:1180,5
DA:1181,5
DA:1182,5
DA:1183,5
DA:1184,5
DA:1185,5
DA:1186,5
DA:1187,5
DA:1188,5
DA:1189,5
DA:1190,5
DA:1191,5
DA:1192,1
DA:1193,1
DA:1194,4
DA:1195,5
DA:1196,1
DA:1197,1
DA:1198,3
DA:1199,3
DA:1200,3
DA:1201,3
DA:1202,2
DA:1203,2
DA:1204,2
DA:1205,2
DA:1206,5
DA:1207,1
DA:1208,1
DA:1209,1
DA:1210,1
DA:1211,1
DA:1212,2
DA:1213,2
DA:1214,2
DA:1215,2
DA:1216,2
DA:1217,2
DA:1218,2
DA:1219,2
DA:1220,2
DA:1221,2
DA:1222,2
DA:1223,5
DA:1224,1
DA:1225,1
DA:1226,5
LF:1226
LH:1072
BRDA:15,0,0,0
BRDA:41,1,0,99
BRDA:43,2,0,0
BRDA:113,3,0,0
BRDA:113,4,0,0
BRDA:136,5,0,0
BRDA:145,6,0,99
BRDA:164,7,0,5
BRDA:170,8,0,3
BRDA:171,9,0,0
BRDA:182,10,0,2
BRDA:182,11,0,1
BRDA:184,12,0,2
BRDA:189,13,0,1
BRDA:189,14,0,1
BRDA:197,15,0,0
BRDA:203,16,0,4
BRDA:204,17,0,0
BRDA:215,18,0,3
BRDA:215,19,0,1
BRDA:217,20,0,3
BRDA:222,21,0,1
BRDA:224,22,0,2
BRDA:228,23,0,1
BRDA:236,24,0,2
BRDA:237,25,0,0
BRDA:244,26,0,0
BRDA:251,27,0,1
BRDA:259,28,0,2
BRDA:260,29,0,1
BRDA:260,30,0,1
BRDA:268,31,0,0
BRDA:274,32,0,5
BRDA:288,33,0,1
BRDA:290,34,0,4
BRDA:293,35,0,2
BRDA:293,36,0,2
BRDA:293,37,0,0
BRDA:295,38,0,4
BRDA:301,39,0,2
BRDA:301,40,0,2
BRDA:302,41,0,0
BRDA:309,42,0,1
BRDA:311,43,0,3
BRDA:314,44,0,2
BRDA:314,45,0,2
BRDA:318,46,0,1
BRDA:337,47,0,0
BRDA:342,48,0,3
BRDA:351,49,0,3
BRDA:352,50,0,0
BRDA:363,51,0,2
BRDA:365,52,0,1
BRDA:376,53,0,0
BRDA:381,54,0,4
BRDA:382,55,0,3
BRDA:382,56,0,2
BRDA:387,57,0,1
BRDA:395,58,0,0
BRDA:400,59,0,4
BRDA:401,60,0,3
BRDA:401,61,0,2
BRDA:406,62,0,1
BRDA:409,63,0,0
BRDA:416,64,0,2
BRDA:417,65,0,0
BRDA:424,66,0,0
BRDA:431,67,0,0
BRDA:439,68,0,1
BRDA:462,69,0,4
BRDA:466,70,0,3
BRDA:469,71,0,2
BRDA:470,72,0,1
BRDA:475,73,0,1
BRDA:486,74,0,5
BRDA:487,75,0,1
BRDA:489,76,0,4
BRDA:492,77,0,3
BRDA:492,78,0,1
BRDA:494,79,0,2
BRDA:497,80,0,1
BRDA:501,81,0,0
BRDA:512,82,0,4
BRDA:513,83,0,2
BRDA:518,84,0,0
BRDA:520,85,0,2
BRDA:526,86,0,1
BRDA:528,87,0,2
BRDA:529,88,0,1
BRDA:548,89,0,0
BRDA:545,90,0,1
BRDA:560,91,0,5
BRDA:563,92,0,1
BRDA:566,93,0,4
BRDA:568,94,0,1
BRDA:571,95,0,3
BRDA:576,96,0,2
BRDA:579,97,0,1
BRDA:579,98,0,1
BRDA:585,99,0,2
BRDA:590,100,0,0
BRDA:592,101,0,2
BRDA:594,102,0,0
BRDA:597,103,0,2
BRDA:601,104,0,1
BRDA:603,105,0,0
BRDA:608,106,0,5
BRDA:610,107,0,1
BRDA:612,108,0,4
BRDA:666,109,0,0
BRDA:618,110,0,5
BRDA:619,111,0,5
BRDA:626,112,0,1
BRDA:634,113,0,0
BRDA:638,114,0,4
BRDA:646,115,0,0
BRDA:664,116,0,1
BRDA:672,117,0,5
BRDA:673,118,0,1
BRDA:675,119,0,4
BRDA:866,120,0,2
BRDA:867,121,0,0
BRDA:872,122,0,4
BRDA:884,123,0,0
BRDA:679,124,0,8
BRDA:684,125,0,8
BRDA:686,126,0,2
BRDA:688,127,0,6
BRDA:692,128,0,5
BRDA:692,129,0,1
BRDA:695,130,0,5
BRDA:698,131,0,1
BRDA:701,132,0,4
BRDA:704,133,0,0
BRDA:707,134,0,4
BRDA:710,135,0,1
BRDA:713,136,0,3
BRDA:716,137,0,0
BRDA:719,138,0,3
BRDA:723,139,0,3
BRDA:739,140,0,8
BRDA:740,141,0,2
BRDA:748,142,0,1
BRDA:762,143,0,1
BRDA:771,144,0,3
BRDA:772,145,0,3
BRDA:783,146,0,2
BRDA:789,147,0,2
BRDA:793,148,0,1
BRDA:795,149,0,0
BRDA:802,150,0,0
BRDA:818,151,0,1
BRDA:824,152,0,0
BRDA:838,153,0,1
BRDA:838,154,0,1
BRDA:845,155,0,2
BRDA:851,156,0,2
BRDA:852,157,0,1
BRDA:858,158,0,2
BRDA:891,159,0,6
BRDA:892,160,0,1
BRDA:894,161,0,5
BRDA:897,162,0,3
BRDA:897,163,0,3
BRDA:899,164,0,6
BRDA:900,165,0,1
BRDA:902,166,0,5
BRDA:907,167,0,4
BRDA:909,168,0,1
BRDA:915,169,0,2
BRDA:918,170,0,0
BRDA:918,171,0,2
BRDA:925,172,0,1
BRDA:925,173,0,1
BRDA:931,174,0,0
BRDA:940,175,0,0
BRDA:949,176,0,4
BRDA:950,177,0,1
BRDA:952,178,0,3
BRDA:955,179,0,2
BRDA:957,180,0,1
BRDA:958,181,0,0
BRDA:963,182,0,5
BRDA:964,183,0,4
BRDA:964,184,0,1
BRDA:966,185,0,4
BRDA:971,186,0,1
BRDA:973,187,0,3
BRDA:976,188,0,2
BRDA:986,189,0,1
BRDA:988,190,0,1
BRDA:992,191,0,0
BRDA:996,192,0,1
BRDA:998,193,0,2
BRDA:1009,194,0,0
BRDA:1014,195,0,5
BRDA:1015,196,0,0
BRDA:1028,197,0,0
BRDA:1038,198,0,4
BRDA:1038,199,0,1
BRDA:1044,200,0,0
BRDA:1049,201,0,4
BRDA:1054,202,0,1
BRDA:1057,203,0,3
BRDA:1060,204,0,0
BRDA:1070,205,0,2
BRDA:1071,206,0,2
BRDA:1074,207,0,1
BRDA:1080,208,0,0
BRDA:1085,209,0,2
BRDA:1094,210,0,6
BRDA:1095,211,0,0
BRDA:1099,212,0,5
BRDA:1099,213,0,2
BRDA:1101,214,0,4
BRDA:1105,215,0,1
BRDA:1105,216,0,1
BRDA:1107,217,0,3
BRDA:1115,218,0,2
BRDA:1117,219,0,3
BRDA:1121,220,0,1
BRDA:1121,221,0,2
BRDA:1125,222,0,1
BRDA:1129,223,0,2
BRDA:1130,224,0,0
BRDA:1135,225,0,1
BRDA:1136,226,0,0
BRDA:1143,227,0,0
BRDA:1149,228,0,6
BRDA:1150,229,0,1
BRDA:1152,230,0,5
BRDA:1155,231,0,4
BRDA:1161,232,0,1
BRDA:1161,233,0,3
BRDA:1162,234,0,1
BRDA:1162,235,0,2
BRDA:1163,236,0,0
BRDA:1164,237,0,1
BRDA:1165,238,0,0
BRDA:1166,239,0,0
BRDA:1166,240,0,4
BRDA:1173,241,0,1
BRDA:1174,242,0,0
BRDA:1179,243,0,5
BRDA:1191,244,0,4
BRDA:1191,245,0,1
BRDA:1193,246,0,4
BRDA:1195,247,0,1
BRDA:1197,248,0,3
BRDA:1201,249,0,2
BRDA:1206,250,0,1
BRDA:1211,251,0,2
BRDA:1223,252,0,1
BRDA:1224,253,0,0
BRF:254
BRH:197
end_of_record
TN:
SF:electron\preload.ts
FN:6,selectPDFFile
FN:7,selectImageFile
FN:8,selectSaveDirectory
FN:9,validatePDFForExtraction
FN:10,saveFiles
FN:18,validatePath
FN:19,readPDFFile
FN:20,readPDFFileChunk
FN:21,getPDFFileSize
FN:23,selectArchiveDrive
FN:24,getArchiveConfig
FN:25,validateArchiveDirectory
FN:26,createCaseFolder
FN:27,createExtractionFolder
FN:28,listArchiveCases
FN:29,listCaseFiles
FN:30,addFilesToCase
FN:31,deleteCase
FN:32,setCaseBackgroundImage
FN:33,deleteFile
FN:34,renameFile
FN:35,getFileThumbnail
FN:36,readFileData
FN:37,extractPDFFromArchive
FN:45,logToMain
FNF:25
FNH:2
FNDA:1,selectPDFFile
FNDA:0,selectImageFile
FNDA:1,selectSaveDirectory
FNDA:0,validatePDFForExtraction
FNDA:0,saveFiles
FNDA:0,validatePath
FNDA:0,readPDFFile
FNDA:0,readPDFFileChunk
FNDA:0,getPDFFileSize
FNDA:0,selectArchiveDrive
FNDA:0,getArchiveConfig
FNDA:0,validateArchiveDirectory
FNDA:0,createCaseFolder
FNDA:0,createExtractionFolder
FNDA:0,listArchiveCases
FNDA:0,listCaseFiles
FNDA:0,addFilesToCase
FNDA:0,deleteCase
FNDA:0,setCaseBackgroundImage
FNDA:0,deleteFile
FNDA:0,renameFile
FNDA:0,getFileThumbnail
FNDA:0,readFileData
FNDA:0,extractPDFFromArchive
FNDA:0,logToMain
DA:1,1
DA:2,1
DA:3,1
DA:4,1
DA:5,1
DA:6,1
DA:7,1
DA:8,1
DA:9,1
DA:10,1
DA:11,0
DA:12,0
DA:13,0
DA:14,0
DA:15,0
DA:16,0
DA:17,0
DA:18,1
DA:19,1
DA:20,1
DA:21,1
DA:22,1
DA:23,1
DA:24,1
DA:25,1
DA:26,1
DA:27,1
DA:28,1
DA:29,1
DA:30,1
DA:31,1
DA:32,1
DA:33,1
DA:34,1
DA:35,1
DA:36,1
DA:37,1
DA:38,0
DA:39,0
DA:40,0
DA:41,0
DA:42,0
DA:43,0
DA:44,1
DA:45,1
DA:46,1
DA:47,1
DA:48,1
DA:49,1
DA:50,1
DA:51,1
DA:52,1
DA:53,1
DA:54,1
DA:55,1
DA:56,1
DA:57,1
DA:58,1
DA:59,1
DA:60,1
DA:61,1
DA:62,1
DA:63,1
DA:64,1
DA:65,1
DA:66,1
DA:67,1
DA:68,1
DA:69,1
DA:70,1
DA:71,1
DA:72,1
DA:73,1
DA:74,1
DA:75,1
DA:76,1
DA:77,1
DA:78,1
DA:79,1
DA:80,1
DA:81,1
DA:82,1
DA:83,1
DA:84,1
DA:85,1
DA:86,1
DA:87,1
DA:88,1
DA:89,1
DA:90,1
DA:91,1
DA:92,1
DA:93,1
LF:93
LH:80
BRDA:6,0,0,1
BRDA:8,1,0,1
BRF:2
BRH:2
end_of_record
TN:
SF:electron\utils\archiveConfig.ts
FN:16,getConfigPath
FN:28,loadArchiveConfig
FN:51,saveArchiveConfig
FN:64,getArchiveDrive
FN:72,setArchiveDrive
FN:81,clearCache
FNF:6
FNH:6
FNDA:12,getConfigPath
FNDA:8,loadArchiveConfig
FNDA:4,saveArchiveConfig
FNDA:2,getArchiveDrive
FNDA:2,setArchiveDrive
FNDA:11,clearCache
DA:1,1
DA:2,1
DA:3,1
DA:4,1
DA:5,1
DA:6,1
DA:7,1
DA:8,1
DA:9,1
DA:10,1
DA:11,1
DA:12,1
DA:13,1
DA:14,1
DA:15,1
DA:16,12
DA:17,12
DA:18,12
DA:19,1
DA:20,1
DA:21,11
DA:22,11
DA:23,11
DA:24,1
DA:25,1
DA:26,1
DA:27,1
DA:28,8
DA:29,8
DA:30,8
DA:31,8
DA:32,8
DA:33,8
DA:34,0
DA:35,0
DA:36,7
DA:37,7
DA:38,7
DA:39,5
DA:40,5
DA:41,8
DA:42,3
DA:43,3
DA:44,3
DA:45,3
DA:46,8
DA:47,1
DA:48,1
DA:49,1
DA:50,1
DA:51,4
DA:52,4
DA:53,4
DA:54,4
DA:55,4
DA:56,4
DA:57,1
DA:58,1
DA:59,4
DA:60,1
DA:61,1
DA:62,1
DA:63,1
DA:64,2
DA:65,2
DA:66,2
DA:67,2
DA:68,1
DA:69,1
DA:70,1
DA:71,1
DA:72,2
DA:73,2
DA:74,2
DA:75,2
DA:76,2
DA:77,1
DA:78,1
DA:79,1
DA:80,1
DA:81,1
DA:82,11
DA:83,11
LF:83
LH:81
BRDA:16,0,0,12
BRDA:18,1,0,1
BRDA:20,2,0,11
BRDA:28,3,0,8
BRDA:33,4,0,0
BRDA:35,5,0,7
BRDA:38,6,0,5
BRDA:41,7,0,3
BRDA:51,8,0,4
BRDA:55,9,0,3
BRDA:56,10,0,1
BRDA:57,11,0,0
BRDA:64,12,0,2
BRDA:72,13,0,2
BRDA:81,14,0,11
BRF:15
BRH:13
end_of_record
TN:
SF:electron\utils\archiveMarker.ts
FN:19,getMarkerPath
FN:26,createArchiveMarker
FN:46,readArchiveMarker
FN:67,updateArchiveMarker
FN:100,isValidArchive
FNF:5
FNH:5
FNDA:17,getMarkerPath
FNDA:3,createArchiveMarker
FNDA:11,readArchiveMarker
FNDA:3,updateArchiveMarker
FNDA:4,isValidArchive
DA:1,1
DA:2,1
DA:3,1
DA:4,1
DA:5,1
DA:6,1
DA:7,1
DA:8,1
DA:9,1
DA:10,1
DA:11,1
DA:12,1
DA:13,1
DA:14,1
DA:15,1
DA:16,1
DA:17,1
DA:18,1
DA:19,17
DA:20,17
DA:21,17
DA:22,1
DA:23,1
DA:24,1
DA:25,1
DA:26,3
DA:27,3
DA:28,3
DA:29,3
DA:30,3
DA:31,3
DA:32,3
DA:33,3
DA:34,3
DA:35,3
DA:36,3
DA:37,3
DA:38,3
DA:39,3
DA:40,3
DA:41,3
DA:42,1
DA:43,1
DA:44,1
DA:45,1
DA:46,11
DA:47,11
DA:48,11
DA:49,11
DA:50,8
DA:51,8
DA:52,8
DA:53,11
DA:54,1
DA:55,1
DA:56,4
DA:57,4
DA:58,11
DA:59,6
DA:60,6
DA:61,6
DA:62,11
DA:63,1
DA:64,1
DA:65,1
DA:66,1
DA:67,3
DA:68,3
DA:69,3
DA:70,3
DA:71,3
DA:72,3
DA:73,3
DA:74,1
DA:75,1
DA:76,1
DA:77,1
DA:78,1
DA:79,1
DA:80,1
DA:81,1
DA:82,1
DA:83,1
DA:84,1
DA:85,2
DA:86,2
DA:87,2
DA:88,2
DA:89,2
DA:90,2
DA:91,2
DA:92,2
DA:93,2
DA:94,2
DA:95,2
DA:96,1
DA:97,1
DA:98,1
DA:99,1
DA:100,4
DA:101,4
DA:102,4
DA:103,4
DA:104,4
DA:105,0
DA:106,0
DA:107,4
LF:107
LH:105
BRDA:19,0,0,17
BRDA:26,1,0,3
BRDA:46,2,0,11
BRDA:49,3,0,8
BRDA:53,4,0,5
BRDA:53,5,0,4
BRDA:53,6,0,4
BRDA:53,7,0,1
BRDA:55,8,0,4
BRDA:58,9,0,6
BRDA:67,10,0,3
BRDA:73,11,0,1
BRDA:84,12,0,2
BRDA:100,13,0,4
BRDA:104,14,0,0
BRF:15
BRH:14
end_of_record
TN:
SF:electron\utils\logger.ts
FN:22,log
FN:25,info
FN:28,warn
FN:31,error
FN:34,debug
FNF:5
FNH:5
FNDA:2,log
FNDA:1,info
FNDA:1,warn
FNDA:2,error
FNDA:1,debug
DA:1,1
DA:2,1
DA:3,1
DA:4,1
DA:5,1
DA:6,1
DA:7,1
DA:8,0
DA:9,0
DA:10,0
DA:11,1
DA:12,1
DA:13,1
DA:14,1
DA:15,1
DA:16,1
DA:17,1
DA:18,1
DA:19,1
DA:20,1
DA:21,1
DA:22,1
DA:23,2
DA:24,2
DA:25,1
DA:26,1
DA:27,1
DA:28,1
DA:29,1
DA:30,1
DA:31,1
DA:32,2
DA:33,2
DA:34,1
DA:35,1
DA:36,1
DA:37,1
DA:38,1
DA:39,1
DA:40,1
DA:41,1
DA:42,1
LF:42
LH:39
BRDA:7,0,0,0
BRDA:22,1,0,2
BRDA:25,2,0,1
BRDA:28,3,0,1
BRDA:31,4,0,2
BRDA:34,5,0,1
BRF:6
BRH:5
end_of_record
TN:
SF:electron\utils\pathValidator.ts
FN:10,isValidPDFFile
FN:22,isSafePath
FN:73,isValidDirectory
FN:93,isValidFolderName
FNF:4
FNH:4
FNDA:12,isValidPDFFile
FNDA:21,isSafePath
FNDA:7,isValidDirectory
FNDA:31,isValidFolderName
DA:1,1
DA:2,1
DA:3,1
DA:4,1
DA:5,1
DA:6,1
DA:7,1
DA:8,1
DA:9,1
DA:10,1
DA:11,12
DA:12,4
DA:13,4
DA:14,8
DA:15,8
DA:16,8
DA:17,8
DA:18,1
DA:19,1
DA:20,1
DA:21,1
DA:22,1
DA:23,21
DA:24,4
DA:25,4
DA:26,17
DA:27,17
DA:28,17
DA:29,17
DA:30,17
DA:31,17
DA:32,21
DA:33,30
DA:34,6
DA:35,6
DA:36,30
DA:37,11
DA:38,11
DA:39,21
DA:40,1
DA:41,1
DA:42,1
DA:43,1
DA:44,1
DA:45,10
DA:46,10
DA:47,10
DA:48,21
DA:49,3
DA:50,3
DA:51,1
DA:52,1
DA:53,2
DA:54,2
DA:55,3
DA:56,1
DA:57,1
DA:58,3
DA:59,8
DA:60,8
DA:61,8
DA:62,8
DA:63,21
DA:64,0
DA:65,0
DA:66,8
DA:67,8
DA:68,8
DA:69,1
DA:70,1
DA:71,1
DA:72,1
DA:73,7
DA:74,7
DA:75,3
DA:76,3
DA:77,4
DA:78,7
DA:79,1
DA:80,1
DA:81,3
DA:82,3
DA:83,3
DA:84,2
DA:85,7
DA:86,1
DA:87,1
DA:88,7
DA:89,1
DA:90,1
DA:91,1
DA:92,1
DA:93,1
DA:94,31
DA:95,4
DA:96,4
DA:97,27
DA:98,27
DA:99,31
DA:100,1
DA:101,1
DA:102,26
DA:103,26
DA:104,26
DA:105,31
DA:106,12
DA:107,12
DA:108,14
DA:109,14
DA:110,14
DA:111,31
DA:112,8
DA:113,8
DA:114,6
DA:115,6
DA:116,31
DA:117,1
DA:118,1
DA:119,5
DA:120,5
DA:121,5
LF:121
LH:119
BRDA:10,0,0,12
BRDA:11,1,0,9
BRDA:11,2,0,4
BRDA:13,3,0,8
BRDA:22,4,0,21
BRDA:23,5,0,18
BRDA:23,6,0,4
BRDA:25,7,0,17
BRDA:32,8,0,30
BRDA:33,9,0,6
BRDA:36,10,0,11
BRDA:39,11,0,1
BRDA:44,12,0,10
BRDA:48,13,0,3
BRDA:50,14,0,1
BRDA:52,15,0,2
BRDA:55,16,0,1
BRDA:58,17,0,8
BRDA:63,18,0,5
BRDA:63,19,0,0
BRDA:65,20,0,8
BRDA:73,21,0,7
BRDA:74,22,0,4
BRDA:74,23,0,3
BRDA:76,24,0,4
BRDA:78,25,0,1
BRDA:80,26,0,3
BRDA:83,27,0,2
BRDA:85,28,0,1
BRDA:93,29,0,31
BRDA:94,30,0,28
BRDA:94,31,0,4
BRDA:96,32,0,27
BRDA:99,33,0,1
BRDA:101,34,0,26
BRDA:105,35,0,12
BRDA:107,36,0,14
BRDA:111,37,0,8
BRDA:113,38,0,6
BRDA:116,39,0,1
BRDA:118,40,0,5
BRF:41
BRH:40
end_of_record
TN:
SF:electron\utils\thumbnailGenerator.ts
FN:13,getFileExtension
FN:20,isImageFile
FN:27,isVideoFile
FN:34,generateImageThumbnail
FN:55,generatePDFThumbnail
FN:64,generateVideoThumbnail
FN:73,generatePlaceholderThumbnail
FN:94,generateFileThumbnail
FNF:8
FNH:8
FNDA:9,getFileExtension
FNDA:7,isImageFile
FNDA:2,isVideoFile
FNDA:4,generateImageThumbnail
FNDA:1,generatePDFThumbnail
FNDA:1,generateVideoThumbnail
FNDA:3,generatePlaceholderThumbnail
FNDA:7,generateFileThumbnail
DA:1,1
DA:2,1
DA:3,1
DA:4,1
DA:5,1
DA:6,1
DA:7,1
DA:8,1
DA:9,1
DA:10,1
DA:11,1
DA:12,1
DA:13,9
DA:14,9
DA:15,9
DA:16,1
DA:17,1
DA:18,1
DA:19,1
DA:20,7
DA:21,7
DA:22,7
DA:23,1
DA:24,1
DA:25,1
DA:26,1
DA:27,2
DA:28,2
DA:29,2
DA:30,1
DA:31,1
DA:32,1
DA:33,1
DA:34,4
DA:35,4
DA:36,4
DA:37,4
DA:38,4
DA:39,4
DA:40,4
DA:41,4
DA:42,4
DA:43,4
DA:44,3
DA:45,3
DA:46,3
DA:47,4
DA:48,1
DA:49,1
DA:50,4
DA:51,1
DA:52,1
DA:53,1
DA:54,1
DA:55,1
DA:56,1
DA:57,1
DA:58,1
DA:59,1
DA:60,1
DA:61,1
DA:62,1
DA:63,1
DA:64,1
DA:65,1
DA:66,1
DA:67,1
DA:68,1
DA:69,1
DA:70,1
DA:71,1
DA:72,1
DA:73,3
DA:74,3
DA:75,3
DA:76,3
DA:77,3
DA:78,3
DA:79,3
DA:80,3
DA:81,3
DA:82,3
DA:83,3
DA:84,3
DA:85,3
DA:86,3
DA:87,3
DA:88,3
DA:89,3
DA:90,1
DA:91,1
DA:92,1
DA:93,1
DA:94,7
DA:95,7
DA:96,4
DA:97,7
DA:98,1
DA:99,3
DA:100,1
DA:101,1
DA:102,1
DA:103,1
DA:104,1
DA:105,7
LF:105
LH:105
BRDA:13,0,0,9
BRDA:20,1,0,7
BRDA:27,2,0,2
BRDA:34,3,0,4
BRDA:43,4,0,3
BRDA:47,5,0,1
BRDA:48,6,0,0
BRDA:55,7,0,1
BRDA:64,8,0,1
BRDA:73,9,0,3
BRDA:94,10,0,7
BRDA:95,11,0,4
BRDA:97,12,0,3
BRDA:97,13,0,1
BRDA:99,14,0,2
BRDA:99,15,0,1
BRF:16
BRH:15
end_of_record
TN:
SF:public\pdf.worker.min.js
FN:1,(empty-report)
FNF:1
FNH:0
FNDA:0,(empty-report)
DA:1,0
DA:2,0
DA:3,0
DA:4,0
DA:5,0
DA:6,0
DA:7,0
DA:8,0
DA:9,0
DA:10,0
DA:11,0
DA:12,0
DA:13,0
DA:14,0
DA:15,0
DA:16,0
DA:17,0
DA:18,0
DA:19,0
DA:20,0
DA:21,0
DA:22,0
LF:22
LH:0
BRDA:1,0,0,0
BRF:1
BRH:0
end_of_record
TN:
SF:src\App.tsx
FN:17,AppContent
FN:37,handleSelectFile
FN:64,handleSelectSaveDirectory
FN:82,handleSave
FN:132,onBack
FN:144,onOpenArchive
FN:182,onClick
FN:226,onClose
FN:236,onToggleSaveParentFile
FN:237,onToggleSaveToZip
FN:249,App
FNF:11
FNH:5
FNDA:33,AppContent
FNDA:6,handleSelectFile
FNDA:0,handleSelectSaveDirectory
FNDA:0,handleSave
FNDA:0,onBack
FNDA:1,onOpenArchive
FNDA:1,onClick
FNDA:0,onClose
FNDA:0,onToggleSaveParentFile
FNDA:0,onToggleSaveToZip
FNDA:21,App
DA:1,1
DA:2,1
DA:3,1
DA:4,1
DA:5,1
DA:6,1
DA:7,1
DA:8,1
DA:9,1
DA:10,1
DA:11,1
DA:12,1
DA:13,1
DA:14,1
DA:15,1
DA:16,1
DA:17,33
DA:18,33
DA:19,33
DA:20,33
DA:21,33
DA:22,33
DA:23,33
DA:24,33
DA:25,33
DA:26,33
DA:27,33
DA:28,33
DA:29,33
DA:30,33
DA:31,18
DA:32,2
DA:33,2
DA:34,33
DA:35,33
DA:36,33
DA:37,33
DA:38,6
DA:39,6
DA:40,1
DA:41,1
DA:42,1
DA:43,5
DA:44,5
DA:45,4
DA:46,4
DA:47,4
DA:48,4
DA:49,4
DA:50,4
DA:51,0
DA:52,4
DA:53,4
DA:54,4
DA:55,0
DA:56,4
DA:57,4
DA:58,6
DA:59,1
DA:60,1
DA:61,6
DA:62,33
DA:63,33
DA:64,33
DA:65,0
DA:66,0
DA:67,0
DA:68,0
DA:69,0
DA:70,0
DA:71,0
DA:72,0
DA:73,0
DA:74,0
DA:75,0
DA:76,0
DA:77,0
DA:78,0
DA:79,0
DA:80,33
DA:81,33
DA:82,33
DA:83,0
DA:84,0
DA:85,0
DA:86,0
DA:87,0
DA:88,0
DA:89,0
DA:90,0
DA:91,0
DA:92,0
DA:93,0
DA:94,0
DA:95,0
DA:96,0
DA:97,0
DA:98,0
DA:99,0
DA:100,0
DA:101,0
DA:102,0
DA:103,0
DA:104,0
DA:105,0
DA:106,0
DA:107,0
DA:108,0
DA:109,0
DA:110,0
DA:111,0
DA:112,0
DA:113,0
DA:114,0
DA:115,0
DA:116,0
DA:117,0
DA:118,0
DA:119,0
DA:120,33
DA:121,33
DA:122,33
DA:123,22
DA:124,4
DA:125,4
DA:126,33
DA:127,33
DA:128,33
DA:129,33
DA:130,1
DA:131,1
DA:132,1
DA:133,1
DA:134,1
DA:135,1
DA:136,1
DA:137,30
DA:138,30
DA:139,33
DA:140,14
DA:141,14
DA:142,14
DA:143,14
DA:144,14
DA:145,14
DA:146,14
DA:147,14
DA:148,14
DA:149,14
DA:150,16
DA:151,16
DA:152,33
DA:153,6
DA:154,6
DA:155,6
DA:156,6
DA:157,6
DA:158,6
DA:159,6
DA:160,6
DA:161,6
DA:162,6
DA:163,6
DA:164,10
DA:165,10
DA:166,10
DA:167,10
DA:168,10
DA:169,10
DA:170,10
DA:171,10
DA:172,10
DA:173,10
DA:174,10
DA:175,3
DA:176,3
DA:177,3
DA:178,33
DA:179,33
DA:180,33
DA:181,10
DA:182,10
DA:183,1
DA:184,1
DA:185,1
DA:186,1
DA:187,1
DA:188,1
DA:189,1
DA:190,1
DA:191,1
DA:192,10
DA:193,10
DA:194,10
DA:195,10
DA:196,10
DA:197,10
DA:198,33
DA:199,33
DA:200,33
DA:201,33
DA:202,33
DA:203,1
DA:204,1
DA:205,1
DA:206,33
DA:207,33
DA:208,33
DA:209,33
DA:210,2
DA:211,2
DA:212,2
DA:213,33
DA:214,33
DA:215,33
DA:216,33
DA:217,7
DA:218,7
DA:219,7
DA:220,7
DA:221,33
DA:222,33
DA:223,33
DA:224,33
DA:225,33
DA:226,33
DA:227,33
DA:228,33
DA:229,33
DA:230,33
DA:231,7
DA:232,7
DA:233,7
DA:234,7
DA:235,7
DA:236,7
DA:237,7
DA:238,7
DA:239,7
DA:240,7
DA:241,33
DA:242,33
DA:243,33
DA:244,33
DA:245,33
DA:246,33
DA:247,33
DA:248,1
DA:249,21
DA:250,21
DA:251,21
DA:252,21
DA:253,21
DA:254,21
DA:255,21
DA:256,1
DA:257,1
LF:257
LH:203
BRDA:17,0,0,33
BRDA:129,1,0,1
BRDA:136,2,0,32
BRDA:136,3,0,30
BRDA:139,4,0,21
BRDA:139,5,0,20
BRDA:139,6,0,14
BRDA:149,7,0,30
BRDA:149,8,0,16
BRDA:152,9,0,9
BRDA:152,10,0,8
BRDA:152,11,0,8
BRDA:152,12,0,30
BRDA:152,13,0,6
BRDA:163,14,0,10
BRDA:174,15,0,3
BRDA:180,16,0,7
BRDA:180,17,0,6
BRDA:180,18,0,10
BRDA:202,19,0,9
BRDA:202,20,0,3
BRDA:202,21,0,1
BRDA:204,22,0,0
BRDA:209,23,0,2
BRDA:216,24,0,7
BRDA:230,25,0,7
BRDA:30,26,0,18
BRDA:31,27,0,2
BRDA:37,28,0,6
BRDA:39,29,0,1
BRDA:42,30,0,5
BRDA:44,31,0,4
BRDA:58,32,0,1
BRDA:52,33,0,4
BRDA:53,34,0,0
BRDA:122,35,0,22
BRDA:123,36,0,4
BRDA:144,37,0,1
BRDA:182,38,0,1
BRDA:249,39,0,21
BRF:40
BRH:38
end_of_record
TN:
SF:src\main.tsx
FNF:0
FNH:0
DA:1,1
DA:2,1
DA:3,1
DA:4,1
DA:5,1
DA:6,1
DA:7,1
DA:8,1
DA:9,0
DA:10,0
DA:11,1
DA:12,1
DA:13,1
DA:14,0
DA:15,0
DA:16,0
DA:17,0
DA:18,1
DA:19,1
DA:20,1
DA:21,1
DA:22,1
DA:23,1
LF:23
LH:17
BRF:0
BRH:0
end_of_record
TN:
SF:src\components\Gallery.tsx
FN:9,Gallery
FN:21,onClick
FNF:2
FNH:2
FNDA:14,Gallery
FNDA:1,onClick
DA:1,1
DA:2,1
DA:3,1
DA:4,1
DA:5,1
DA:6,1
DA:7,1
DA:8,1
DA:9,1
DA:10,14
DA:11,1
DA:12,1
DA:13,12
DA:14,12
DA:15,12
DA:16,12
DA:17,12
DA:18,21
DA:19,21
DA:20,21
DA:21,21
DA:22,21
DA:23,12
DA:24,12
DA:25,12
DA:26,12
DA:27,12
LF:27
LH:27
BRDA:9,0,0,14
BRDA:10,1,0,1
BRDA:12,2,0,12
BRDA:17,3,0,21
BRDA:21,4,0,1
BRF:5
BRH:5
end_of_record
TN:
SF:src\components\GalleryItem.tsx
FN:9,GalleryItem
FNF:1
FNH:1
FNDA:29,GalleryItem
DA:1,1
DA:2,1
DA:3,1
DA:4,1
DA:5,1
DA:6,1
DA:7,1
DA:8,1
DA:9,1
DA:10,29
DA:11,29
DA:12,29
DA:13,29
DA:14,29
DA:15,29
DA:16,29
DA:17,29
DA:18,29
DA:19,29
DA:20,29
DA:21,29
DA:22,29
DA:23,29
DA:24,29
DA:25,29
DA:26,29
DA:27,29
DA:28,29
DA:29,29
DA:30,29
DA:31,29
DA:32,29
DA:33,29
DA:34,29
DA:35,29
DA:36,29
DA:37,29
DA:38,29
DA:39,29
DA:40,29
DA:41,29
DA:42,29
DA:43,29
DA:44,29
DA:45,29
DA:46,29
DA:47,29
DA:48,29
DA:49,29
DA:50,29
DA:51,29
DA:52,29
DA:53,29
DA:54,29
DA:55,29
DA:56,29
DA:57,29
DA:58,29
DA:59,29
DA:60,29
DA:61,29
LF:61
LH:61
BRDA:9,0,0,29
BRF:1
BRH:1
end_of_record
TN:
SF:src\components\ImageViewer.tsx
FN:11,ImageViewer
FN:22,onClick
FN:51,onClick
FN:74,onClick
FNF:4
FNH:4
FNDA:25,ImageViewer
FNDA:3,onClick
FNDA:1,onClick
FNDA:2,onClick
DA:1,1
DA:2,1
DA:3,1
DA:4,1
DA:5,1
DA:6,1
DA:7,1
DA:8,1
DA:9,1
DA:10,1
DA:11,1
DA:12,25
DA:13,25
DA:14,25
DA:15,13
DA:16,13
DA:17,13
DA:18,13
DA:19,13
DA:20,13
DA:21,13
DA:22,13
DA:23,3
DA:24,3
DA:25,1
DA:26,1
DA:27,3
DA:28,13
DA:29,13
DA:30,13
DA:31,13
DA:32,13
DA:33,13
DA:34,13
DA:35,13
DA:36,13
DA:37,13
DA:38,13
DA:39,13
DA:40,13
DA:41,13
DA:42,13
DA:43,13
DA:44,13
DA:45,13
DA:46,13
DA:47,13
DA:48,13
DA:49,13
DA:50,13
DA:51,13
DA:52,13
DA:53,25
DA:54,25
DA:55,25
DA:56,25
DA:57,25
DA:58,25
DA:59,25
DA:60,25
DA:61,25
DA:62,25
DA:63,25
DA:64,25
DA:65,25
DA:66,25
DA:67,25
DA:68,25
DA:69,25
DA:70,25
DA:71,25
DA:72,25
DA:73,25
DA:74,25
DA:75,2
DA:76,2
DA:77,2
DA:78,25
DA:79,25
DA:80,25
DA:81,25
DA:82,25
DA:83,25
LF:83
LH:83
BRDA:11,0,0,25
BRDA:14,1,0,11
BRDA:14,2,0,15
BRDA:14,3,0,13
BRDA:53,4,0,3
BRDA:53,5,0,10
BRDA:55,6,0,3
BRDA:55,7,0,10
BRDA:71,8,0,3
BRDA:71,9,0,10
BRDA:72,10,0,3
BRDA:72,11,0,10
BRDA:22,12,0,3
BRDA:24,13,0,1
BRDA:51,14,0,1
BRDA:74,15,0,2
BRF:16
BRH:16
end_of_record
TN:
SF:src\components\ProgressBar.tsx
FN:9,ProgressBar
FNF:1
FNH:1
FNDA:11,ProgressBar
DA:1,1
DA:2,1
DA:3,1
DA:4,1
DA:5,1
DA:6,1
DA:7,1
DA:8,1
DA:9,1
DA:10,11
DA:11,11
DA:12,11
DA:13,11
DA:14,11
DA:15,11
DA:16,11
DA:17,11
DA:18,9
DA:19,9
DA:20,9
DA:21,11
DA:22,11
DA:23,11
DA:24,11
DA:25,11
DA:26,11
DA:27,11
DA:28,11
DA:29,11
DA:30,11
DA:31,11
DA:32,11
DA:33,11
DA:34,11
DA:35,11
DA:36,11
DA:37,11
DA:38,11
DA:39,11
DA:40,11
DA:41,11
DA:42,11
DA:43,11
DA:44,11
DA:45,11
DA:46,11
DA:47,11
DA:48,11
DA:49,11
DA:50,11
LF:50
LH:50
BRDA:9,0,0,11
BRDA:15,1,0,8
BRDA:17,2,0,9
BRF:3
BRH:3
end_of_record
TN:
SF:src\components\SaveOptions.tsx
FN:11,SaveOptions
FN:21,handleSubmit
FN:29,handleKeyDown
FN:54,onClick
FN:77,onChange
FNF:5
FNH:5
FNDA:100,SaveOptions
FNDA:3,handleSubmit
FNDA:57,handleKeyDown
FNDA:13,onClick
FNDA:55,onChange
DA:1,1
DA:2,1
DA:3,1
DA:4,1
DA:5,1
DA:6,1
DA:7,1
DA:8,1
DA:9,1
DA:10,1
DA:11,1
DA:12,100
DA:13,100
DA:14,100
DA:15,100
DA:16,39
DA:17,16
DA:18,16
DA:19,100
DA:20,100
DA:21,100
DA:22,3
DA:23,3
DA:24,3
DA:25,3
DA:26,3
DA:27,3
DA:28,100
DA:29,100
DA:30,57
DA:31,2
DA:32,2
DA:33,2
DA:34,57
DA:35,100
DA:36,100
DA:37,74
DA:38,74
DA:39,74
DA:40,74
DA:41,74
DA:42,74
DA:43,74
DA:44,74
DA:45,74
DA:46,74
DA:47,74
DA:48,74
DA:49,74
DA:50,74
DA:51,74
DA:52,74
DA:53,74
DA:54,74
DA:55,74
DA:56,74
DA:57,74
DA:58,74
DA:59,74
DA:60,74
DA:61,74
DA:62,74
DA:63,74
DA:64,74
DA:65,74
DA:66,74
DA:67,74
DA:68,74
DA:69,74
DA:70,74
DA:71,74
DA:72,74
DA:73,74
DA:74,74
DA:75,74
DA:76,74
DA:77,74
DA:78,74
DA:79,74
DA:80,74
DA:81,74
DA:82,74
DA:83,74
DA:84,74
DA:85,74
DA:86,74
DA:87,74
DA:88,74
DA:89,74
DA:90,74
DA:91,74
DA:92,74
DA:93,74
DA:94,74
DA:95,74
DA:96,74
DA:97,74
DA:98,74
DA:99,74
DA:100,74
DA:101,74
DA:102,74
DA:103,74
DA:104,74
DA:105,74
DA:106,74
DA:107,74
DA:108,74
DA:109,74
LF:109
LH:109
BRDA:11,0,0,100
BRDA:36,1,0,24
BRDA:36,2,0,74
BRDA:15,3,0,39
BRDA:16,4,0,16
BRDA:16,5,0,16
BRDA:21,6,0,3
BRDA:29,7,0,57
BRDA:30,8,0,2
BRDA:54,9,0,13
BRDA:77,10,0,55
BRF:11
BRH:11
end_of_record
TN:
SF:src\components\Toolbar.tsx
FN:17,Toolbar
FN:29,handleSave
FN:37,handleFolderNameConfirm
FN:112,onClose
FNF:4
FNH:3
FNDA:25,Toolbar
FNDA:3,handleSave
FNDA:1,handleFolderNameConfirm
FNDA:0,onClose
DA:1,1
DA:2,1
DA:3,1
DA:4,1
DA:5,1
DA:6,1
DA:7,1
DA:8,1
DA:9,1
DA:10,1
DA:11,1
DA:12,1
DA:13,1
DA:14,1
DA:15,1
DA:16,1
DA:17,1
DA:18,25
DA:19,25
DA:20,25
DA:21,25
DA:22,25
DA:23,25
DA:24,25
DA:25,25
DA:26,25
DA:27,25
DA:28,25
DA:29,25
DA:30,3
DA:31,2
DA:32,3
DA:33,1
DA:34,1
DA:35,3
DA:36,25
DA:37,25
DA:38,1
DA:39,1
DA:40,1
DA:41,25
DA:42,25
DA:43,25
DA:44,25
DA:45,25
DA:46,25
DA:47,25
DA:48,25
DA:49,25
DA:50,25
DA:51,25
DA:52,25
DA:53,25
DA:54,25
DA:55,25
DA:56,25
DA:57,25
DA:58,25
DA:59,25
DA:60,25
DA:61,14
DA:62,14
DA:63,14
DA:64,14
DA:65,14
DA:66,14
DA:67,14
DA:68,14
DA:69,14
DA:70,14
DA:71,14
DA:72,14
DA:73,14
DA:74,14
DA:75,14
DA:76,14
DA:77,14
DA:78,14
DA:79,14
DA:80,14
DA:81,14
DA:82,14
DA:83,14
DA:84,14
DA:85,14
DA:86,14
DA:87,14
DA:88,14
DA:89,14
DA:90,14
DA:91,14
DA:92,14
DA:93,14
DA:94,14
DA:95,14
DA:96,14
DA:97,14
DA:98,14
DA:99,14
DA:100,14
DA:101,14
DA:102,14
DA:103,14
DA:104,14
DA:105,14
DA:106,25
DA:107,25
DA:108,25
DA:109,25
DA:110,25
DA:111,25
DA:112,25
DA:113,25
DA:114,25
DA:115,25
DA:116,25
DA:117,25
LF:117
LH:117
BRDA:17,0,0,25
BRDA:54,1,0,14
BRDA:54,2,0,10
BRDA:57,3,0,14
BRDA:57,4,0,10
BRDA:60,5,0,14
BRDA:67,6,0,2
BRDA:67,7,0,12
BRDA:68,8,0,2
BRDA:68,9,0,12
BRDA:69,10,0,2
BRDA:69,11,0,12
BRDA:71,12,0,2
BRDA:71,13,0,12
BRDA:74,14,0,2
BRDA:74,15,0,12
BRDA:83,16,0,6
BRDA:83,17,0,8
BRDA:84,18,0,6
BRDA:84,19,0,8
BRDA:85,20,0,6
BRDA:85,21,0,8
BRDA:87,22,0,6
BRDA:87,23,0,8
BRDA:90,24,0,6
BRDA:90,25,0,8
BRDA:97,26,0,13
BRDA:97,27,0,11
BRDA:100,28,0,13
BRDA:100,29,0,11
BRDA:29,30,0,3
BRDA:30,31,0,2
BRDA:32,32,0,1
BRDA:37,33,0,1
BRF:34
BRH:34
end_of_record
TN:
SF:src\components\WelcomeScreen.tsx
FN:9,WelcomeScreen
FNF:1
FNH:1
FNDA:24,WelcomeScreen
DA:1,1
DA:2,1
DA:3,1
DA:4,1
DA:5,1
DA:6,1
DA:7,1
DA:8,1
DA:9,1
DA:10,24
DA:11,24
DA:12,24
DA:13,24
DA:14,24
DA:15,24
DA:16,24
DA:17,24
DA:18,24
DA:19,24
DA:20,24
DA:21,24
DA:22,24
DA:23,24
DA:24,24
DA:25,24
DA:26,24
DA:27,24
DA:28,24
DA:29,24
DA:30,24
DA:31,24
DA:32,24
DA:33,24
DA:34,24
DA:35,24
DA:36,24
DA:37,24
DA:38,24
DA:39,24
DA:40,24
DA:41,24
DA:42,24
DA:43,24
DA:44,24
DA:45,24
DA:46,24
DA:47,24
DA:48,24
DA:49,24
DA:50,24
DA:51,24
DA:52,24
DA:53,24
DA:54,24
DA:55,24
DA:56,24
DA:57,24
DA:58,24
DA:59,24
DA:60,24
DA:61,24
DA:62,24
DA:63,24
DA:64,24
DA:65,24
DA:66,24
DA:67,24
DA:68,24
DA:69,24
DA:70,24
DA:71,24
DA:72,24
DA:73,24
DA:74,24
DA:75,24
DA:76,24
DA:77,24
DA:78,24
DA:79,24
DA:80,24
DA:81,24
DA:82,24
DA:83,24
DA:84,24
DA:85,24
DA:86,24
DA:87,24
DA:88,24
DA:89,24
DA:90,24
DA:91,24
DA:92,24
DA:93,24
DA:94,24
DA:95,24
DA:96,24
DA:97,24
DA:98,24
DA:99,24
DA:100,24
DA:101,24
DA:102,24
DA:103,24
DA:104,24
DA:105,24
DA:106,24
DA:107,24
DA:108,24
DA:109,24
DA:110,24
DA:111,24
DA:112,24
LF:112
LH:112
BRDA:9,0,0,24
BRF:1
BRH:1
end_of_record
TN:
SF:src\components\Archive\ArchiveDriveDialog.tsx
FN:10,ArchiveDriveDialog
FN:30,onClick
FNF:2
FNH:2
FNDA:32,ArchiveDriveDialog
FNDA:3,onClick
DA:1,1
DA:2,1
DA:3,1
DA:4,1
DA:5,1
DA:6,1
DA:7,1
DA:8,1
DA:9,1
DA:10,1
DA:11,32
DA:12,8
DA:13,8
DA:14,8
DA:15,8
DA:16,8
DA:17,8
DA:18,8
DA:19,8
DA:20,8
DA:21,8
DA:22,8
DA:23,8
DA:24,8
DA:25,8
DA:26,8
DA:27,8
DA:28,8
DA:29,8
DA:30,8
DA:31,8
DA:32,8
DA:33,8
DA:34,8
DA:35,8
DA:36,8
DA:37,8
DA:38,8
DA:39,8
DA:40,8
DA:41,8
DA:42,8
DA:43,8
DA:44,8
DA:45,8
DA:46,8
DA:47,8
DA:48,8
DA:49,8
DA:50,8
DA:51,8
DA:52,8
DA:53,8
DA:54,8
DA:55,8
DA:56,8
DA:57,8
DA:58,8
DA:59,8
DA:60,8
DA:61,8
DA:62,8
DA:63,8
DA:64,8
DA:65,8
DA:66,8
LF:66
LH:66
BRDA:10,0,0,32
BRDA:11,1,0,24
BRDA:11,2,0,8
BRDA:30,3,0,3
BRF:4
BRH:4
end_of_record
TN:
SF:src\components\Archive\ArchiveFileItem.tsx
FN:15,ArchiveFileItem
FN:22,handleClickOutside
FN:41,getFileIcon
FN:94,onClick
FN:114,onClick
FN:128,onClick
FN:146,onClick
FN:162,onStartExtraction
FNF:8
FNH:7
FNDA:34,ArchiveFileItem
FNDA:1,handleClickOutside
FNDA:32,getFileIcon
FNDA:1,onClick
FNDA:1,onClick
FNDA:2,onClick
FNDA:1,onClick
FNDA:0,onStartExtraction
DA:1,1
DA:2,1
DA:3,1
DA:4,1
DA:5,1
DA:6,1
DA:7,1
DA:8,1
DA:9,1
DA:10,1
DA:11,1
DA:12,1
DA:13,1
DA:14,1
DA:15,1
DA:16,34
DA:17,34
DA:18,34
DA:19,34
DA:20,34
DA:21,34
DA:22,25
DA:23,1
DA:24,1
DA:25,1
DA:26,1
DA:27,1
DA:28,1
DA:29,1
DA:30,1
DA:31,1
DA:32,25
DA:33,25
DA:34,2
DA:35,2
DA:36,2
DA:37,2
DA:38,2
DA:39,34
DA:40,34
DA:41,34
DA:42,32
DA:43,32
DA:44,14
DA:45,32
DA:46,16
DA:47,32
DA:48,1
DA:49,32
DA:50,1
DA:51,32
DA:52,32
DA:53,34
DA:54,34
DA:55,34
DA:56,34
DA:57,34
DA:58,34
DA:59,34
DA:60,34
DA:61,34
DA:62,34
DA:63,34
DA:64,34
DA:65,34
DA:66,34
DA:67,34
DA:68,34
DA:69,34
DA:70,1
DA:71,1
DA:72,1
DA:73,1
DA:74,1
DA:75,1
DA:76,32
DA:77,32
DA:78,32
DA:79,32
DA:80,34
DA:81,34
DA:82,34
DA:83,34
DA:84,34
DA:85,34
DA:86,34
DA:87,34
DA:88,34
DA:89,34
DA:90,34
DA:91,34
DA:92,34
DA:93,8
DA:94,8
DA:95,1
DA:96,1
DA:97,1
DA:98,8
DA:99,8
DA:100,8
DA:101,8
DA:102,8
DA:103,8
DA:104,34
DA:105,34
DA:106,34
DA:107,34
DA:108,34
DA:109,34
DA:110,34
DA:111,34
DA:112,34
DA:113,13
DA:114,13
DA:115,1
DA:116,1
DA:117,1
DA:118,13
DA:119,13
DA:120,13
DA:121,13
DA:122,13
DA:123,13
DA:124,34
DA:125,34
DA:126,8
DA:127,8
DA:128,8
DA:129,2
DA:130,2
DA:131,2
DA:132,8
DA:133,8
DA:134,8
DA:135,8
DA:136,8
DA:137,8
DA:138,8
DA:139,34
DA:140,34
DA:141,34
DA:142,34
DA:143,34
DA:144,34
DA:145,13
DA:146,13
DA:147,1
DA:148,1
DA:149,1
DA:150,13
DA:151,13
DA:152,13
DA:153,13
DA:154,13
DA:155,34
DA:156,34
DA:157,34
DA:158,34
DA:159,34
DA:160,2
DA:161,2
DA:162,2
DA:163,0
DA:164,0
DA:165,0
DA:166,2
DA:167,2
DA:168,34
DA:169,34
DA:170,34
DA:171,34
LF:171
LH:168
BRDA:15,0,0,34
BRDA:65,1,0,2
BRDA:65,2,0,31
BRDA:69,3,0,1
BRDA:75,4,0,32
BRDA:92,5,0,17
BRDA:92,6,0,8
BRDA:112,7,0,13
BRDA:125,8,0,17
BRDA:125,9,0,8
BRDA:144,10,0,13
BRDA:159,11,0,17
BRDA:159,12,0,8
BRDA:159,13,0,2
BRDA:21,14,0,25
BRDA:33,15,0,2
BRDA:22,16,0,1
BRDA:35,17,0,2
BRDA:41,18,0,32
BRDA:43,19,0,14
BRDA:45,20,0,16
BRDA:47,21,0,1
BRDA:49,22,0,1
BRDA:94,23,0,1
BRDA:114,24,0,1
BRDA:128,25,0,2
BRDA:146,26,0,1
BRF:27
BRH:27
end_of_record
TN:
SF:src\components\Archive\ArchiveFileViewer.tsx
FN:17,ArchiveFileViewer
FN:48,loadFileData
FN:65,loadPDF
FN:168,renderPDFPage
FN:300,handleKeyPress
FN:332,onClick
FN:358,onClick
FN:369,onClick
FN:382,onClick
FN:516,onClick
FNF:10
FNH:6
FNDA:42,ArchiveFileViewer
FNDA:9,loadFileData
FNDA:5,loadPDF
FNDA:0,renderPDFPage
FNDA:0,handleKeyPress
FNDA:1,onClick
FNDA:0,onClick
FNDA:1,onClick
FNDA:2,onClick
FNDA:0,onClick
DA:1,1
DA:2,1
DA:3,1
DA:4,1
DA:5,1
DA:6,1
DA:7,1
DA:8,1
DA:9,1
DA:10,1
DA:11,1
DA:12,1
DA:13,1
DA:14,1
DA:15,1
DA:16,1
DA:17,1
DA:18,42
DA:19,42
DA:20,42
DA:21,42
DA:22,42
DA:23,42
DA:24,42
DA:25,42
DA:26,42
DA:27,42
DA:28,42
DA:29,42
DA:30,42
DA:31,42
DA:32,42
DA:33,42
DA:34,15
DA:35,14
DA:36,5
DA:37,14
DA:38,9
DA:39,9
DA:40,15
DA:41,1
DA:42,1
DA:43,1
DA:44,1
DA:45,1
DA:46,42
DA:47,42
DA:48,42
DA:49,9
DA:50,9
DA:51,9
DA:52,9
DA:53,9
DA:54,8
DA:55,8
DA:56,8
DA:57,8
DA:58,9
DA:59,4
DA:60,9
DA:61,9
DA:62,9
DA:63,9
DA:64,42
DA:65,42
DA:66,5
DA:67,5
DA:68,5
DA:69,5
DA:70,5
DA:71,5
DA:72,5
DA:73,5
DA:74,5
DA:75,5
DA:76,5
DA:77,5
DA:78,4
DA:79,4
DA:80,4
DA:81,4
DA:82,5
DA:83,0
DA:84,0
DA:85,0
DA:86,0
DA:87,0
DA:88,0
DA:89,0
DA:90,0
DA:91,0
DA:92,0
DA:93,0
DA:94,0
DA:95,0
DA:96,0
DA:97,0
DA:98,0
DA:99,0
DA:100,0
DA:101,0
DA:102,0
DA:103,0
DA:104,0
DA:105,0
DA:106,0
DA:107,0
DA:108,0
DA:109,5
DA:110,4
DA:111,4
DA:112,4
DA:113,4
DA:114,4
DA:115,4
DA:116,0
DA:117,0
DA:118,0
DA:119,0
DA:120,0
DA:121,0
DA:122,0
DA:123,0
DA:124,0
DA:125,0
DA:126,0
DA:127,0
DA:128,0
DA:129,0
DA:130,0
DA:131,0
DA:132,0
DA:133,0
DA:134,0
DA:135,0
DA:136,0
DA:137,0
DA:138,0
DA:139,0
DA:140,0
DA:141,0
DA:142,0
DA:143,0
DA:144,0
DA:145,0
DA:146,0
DA:147,0
DA:148,0
DA:149,0
DA:150,0
DA:151,0
DA:152,0
DA:153,0
DA:154,0
DA:155,0
DA:156,0
DA:157,0
DA:158,0
DA:159,0
DA:160,0
DA:161,5
DA:162,5
DA:163,5
DA:164,5
DA:165,5
DA:166,5
DA:167,42
DA:168,42
DA:169,0
DA:170,0
DA:171,0
DA:172,0
DA:173,0
DA:174,0
DA:175,0
DA:176,0
DA:177,0
DA:178,0
DA:179,0
DA:180,0
DA:181,0
DA:182,0
DA:183,0
DA:184,0
DA:185,0
DA:186,0
DA:187,0
DA:188,0
DA:189,0
DA:190,0
DA:191,0
DA:192,0
DA:193,0
DA:194,0
DA:195,0
DA:196,0
DA:197,0
DA:198,0
DA:199,0
DA:200,0
DA:201,0
DA:202,0
DA:203,0
DA:204,0
DA:205,0
DA:206,0
DA:207,0
DA:208,0
DA:209,0
DA:210,0
DA:211,0
DA:212,0
DA:213,0
DA:214,0
DA:215,0
DA:216,0
DA:217,0
DA:218,0
DA:219,0
DA:220,0
DA:221,0
DA:222,0
DA:223,0
DA:224,0
DA:225,0
DA:226,0
DA:227,0
DA:228,0
DA:229,0
DA:230,0
DA:231,0
DA:232,0
DA:233,0
DA:234,0
DA:235,0
DA:236,0
DA:237,0
DA:238,0
DA:239,0
DA:240,0
DA:241,0
DA:242,0
DA:243,0
DA:244,0
DA:245,0
DA:246,42
DA:247,42
DA:248,42
DA:249,0
DA:250,42
DA:251,42
DA:252,42
DA:253,0
DA:254,42
DA:255,42
DA:256,42
DA:257,0
DA:258,42
DA:259,42
DA:260,42
DA:261,0
DA:262,42
DA:263,42
DA:264,42
DA:265,14
DA:266,0
DA:267,0
DA:268,0
DA:269,0
DA:270,0
DA:271,0
DA:272,0
DA:273,0
DA:274,0
DA:275,0
DA:276,0
DA:277,0
DA:278,0
DA:279,0
DA:280,0
DA:281,14
DA:282,14
DA:283,14
DA:284,14
DA:285,0
DA:286,0
DA:287,0
DA:288,0
DA:289,0
DA:290,0
DA:291,0
DA:292,14
DA:293,14
DA:294,42
DA:295,42
DA:296,42
DA:297,42
DA:298,15
DA:299,0
DA:300,0
DA:301,0
DA:302,0
DA:303,0
DA:304,0
DA:305,0
DA:306,0
DA:307,0
DA:308,0
DA:309,0
DA:310,0
DA:311,0
DA:312,0
DA:313,0
DA:314,0
DA:315,0
DA:316,0
DA:317,0
DA:318,42
DA:319,42
DA:320,42
DA:321,39
DA:322,39
DA:323,42
DA:324,42
DA:325,42
DA:326,42
DA:327,42
DA:328,42
DA:329,42
DA:330,42
DA:331,42
DA:332,42
DA:333,1
DA:334,0
DA:335,0
DA:336,1
DA:337,42
DA:338,42
DA:339,42
DA:340,42
DA:341,42
DA:342,42
DA:343,42
DA:344,42
DA:345,42
DA:346,42
DA:347,42
DA:348,42
DA:349,42
DA:350,42
DA:351,42
DA:352,42
DA:353,42
DA:354,42
DA:355,42
DA:356,42
DA:357,24
DA:358,24
DA:359,24
DA:360,24
DA:361,24
DA:362,24
DA:363,24
DA:364,42
DA:365,42
DA:366,42
DA:367,42
DA:368,6
DA:369,6
DA:370,1
DA:371,1
DA:372,1
DA:373,6
DA:374,6
DA:375,6
DA:376,6
DA:377,6
DA:378,42
DA:379,42
DA:380,42
DA:381,11
DA:382,11
DA:383,2
DA:384,2
DA:385,2
DA:386,11
DA:387,11
DA:388,11
DA:389,11
DA:390,11
DA:391,42
DA:392,42
DA:393,42
DA:394,42
DA:395,27
DA:396,27
DA:397,27
DA:398,42
DA:399,42
DA:400,42
DA:401,42
DA:402,12
DA:403,12
DA:404,6
DA:405,6
DA:406,6
DA:407,6
DA:408,6
DA:409,1
DA:410,1
DA:411,1
DA:412,1
DA:413,1
DA:414,1
DA:415,6
DA:416,6
DA:417,1
DA:418,6
DA:419,6
DA:420,6
DA:421,6
DA:422,0
DA:423,0
DA:424,0
DA:425,0
DA:426,0
DA:427,0
DA:428,0
DA:429,0
DA:430,0
DA:431,0
DA:432,0
DA:433,0
DA:434,0
DA:435,0
DA:436,0
DA:437,0
DA:438,0
DA:439,0
DA:440,0
DA:441,0
DA:442,0
DA:443,0
DA:444,0
DA:445,0
DA:446,0
DA:447,0
DA:448,0
DA:449,0
DA:450,0
DA:451,0
DA:452,0
DA:453,0
DA:454,0
DA:455,0
DA:456,0
DA:457,0
DA:458,0
DA:459,0
DA:460,0
DA:461,0
DA:462,0
DA:463,0
DA:464,0
DA:465,0
DA:466,0
DA:467,0
DA:468,0
DA:469,0
DA:470,0
DA:471,0
DA:472,0
DA:473,0
DA:474,0
DA:475,0
DA:476,0
DA:477,0
DA:478,0
DA:479,0
DA:480,0
DA:481,0
DA:482,0
DA:483,0
DA:484,0
DA:485,0
DA:486,0
DA:487,0
DA:488,0
DA:489,0
DA:490,6
DA:491,6
DA:492,6
DA:493,6
DA:494,12
DA:495,12
DA:496,27
DA:497,6
DA:498,6
DA:499,6
DA:500,6
DA:501,6
DA:502,6
DA:503,21
DA:504,5
DA:505,5
DA:506,4
DA:507,4
DA:508,4
DA:509,4
DA:510,4
DA:511,4
DA:512,4
DA:513,4
DA:514,4
DA:515,4
DA:516,4
DA:517,0
DA:518,0
DA:519,0
DA:520,4
DA:521,1
DA:522,1
DA:523,1
DA:524,1
DA:525,1
DA:526,1
DA:527,0
DA:528,0
DA:529,0
DA:530,0
DA:531,5
DA:532,5
DA:533,16
DA:534,16
DA:535,16
DA:536,16
DA:537,42
DA:538,42
DA:539,42
DA:540,42
DA:541,42
DA:542,42
LF:542
LH:272
BRDA:17,0,0,42
BRDA:320,1,0,1
BRDA:320,2,0,39
BRDA:323,3,0,14
BRDA:324,4,0,11
BRDA:344,5,0,39
BRDA:344,6,0,12
BRDA:344,7,0,27
BRDA:349,8,0,39
BRDA:349,9,0,12
BRDA:349,10,0,27
BRDA:356,11,0,24
BRDA:360,12,0,0
BRDA:362,13,0,0
BRDA:367,14,0,6
BRDA:380,15,0,11
BRDA:394,16,0,27
BRDA:401,17,0,12
BRDA:403,18,0,6
BRDA:408,19,0,1
BRDA:416,20,0,1
BRDA:420,21,0,6
BRDA:421,22,0,0
BRDA:495,23,0,27
BRDA:496,24,0,6
BRDA:502,25,0,21
BRDA:503,26,0,5
BRDA:505,27,0,4
BRDA:513,28,0,0
BRDA:514,29,0,0
BRDA:520,30,0,1
BRDA:526,31,0,0
BRDA:532,32,0,16
BRDA:33,33,0,15
BRDA:34,34,0,14
BRDA:35,35,0,5
BRDA:37,36,0,9
BRDA:40,37,0,1
BRDA:48,38,0,9
BRDA:49,39,0,0
BRDA:53,40,0,8
BRDA:58,41,0,4
BRDA:65,42,0,5
BRDA:66,43,0,0
BRDA:77,44,0,4
BRDA:82,45,0,0
BRDA:82,46,0,0
BRDA:109,47,0,4
BRDA:115,48,0,0
BRDA:143,49,0,0
BRDA:264,50,0,14
BRDA:265,51,0,0
BRDA:265,52,0,0
BRDA:283,53,0,14
BRDA:284,54,0,0
BRDA:297,55,0,15
BRDA:298,56,0,14
BRDA:298,57,0,5
BRDA:298,58,0,0
BRDA:322,59,0,45
BRDA:332,60,0,1
BRDA:333,61,0,0
BRDA:369,62,0,1
BRDA:382,63,0,2
BRF:64
BRH:47
end_of_record
TN:
SF:src\components\Archive\ArchivePage.tsx
FN:27,ArchivePage
FN:82,handleDragOver
FN:90,handleDragLeave
FN:96,handleDrop
FN:128,handleSelectDrive
FN:135,handleCreateCase
FN:142,handleAddFiles
FN:147,handleFileClick
FN:157,handleNextFile
FN:165,handlePreviousFile
FN:173,handleExtractPDF
FN:185,handleFolderSelection
FN:197,handleMakeNewFolder
FN:209,handleExtractionConfirm
FN:257,handleSaveParentConfirm
FN:307,onClick
FN:322,onClick
FN:337,onClick
FN:379,onClick
FN:410,onClick
FN:663,onClick
FN:664,onDelete
FN:668,onRename
FN:688,onClick
FN:689,onDelete
FN:690,onExtract
FN:691,onRename
FN:704,onClick
FN:705,onDelete
FN:706,__vite_ssr_import_0__.jsxDEV.onExtract
FN:707,onRename
FN:729,onClick
FN:730,onDelete
FN:731,onEditBackground
FN:745,onClick
FN:773,onClose
FN:779,onClose
FN:785,onClose
FN:797,onClose
FN:808,onClose
FN:819,onClose
FN:823,onConfirm
FN:834,onClose
FN:838,onConfirm
FN:857,onClose
FNF:45
FNH:6
FNDA:26,ArchivePage
FNDA:0,handleDragOver
FNDA:0,handleDragLeave
FNDA:0,handleDrop
FNDA:0,handleSelectDrive
FNDA:0,handleCreateCase
FNDA:1,handleAddFiles
FNDA:2,handleFileClick
FNDA:1,handleNextFile
FNDA:0,handlePreviousFile
FNDA:0,handleExtractPDF
FNDA:0,handleFolderSelection
FNDA:0,handleMakeNewFolder
FNDA:0,handleExtractionConfirm
FNDA:0,handleSaveParentConfirm
FNDA:0,onClick
FNDA:0,onClick
FNDA:0,onClick
FNDA:1,onClick
FNDA:0,onClick
FNDA:0,onClick
FNDA:0,onDelete
FNDA:0,onRename
FNDA:0,onClick
FNDA:0,onDelete
FNDA:0,onExtract
FNDA:0,onRename
FNDA:2,onClick
FNDA:0,onDelete
FNDA:0,__vite_ssr_import_0__.jsxDEV.onExtract
FNDA:0,onRename
FNDA:0,onClick
FNDA:0,onDelete
FNDA:0,onEditBackground
FNDA:0,onClick
FNDA:0,onClose
FNDA:0,onClose
FNDA:0,onClose
FNDA:0,onClose
FNDA:0,onClose
FNDA:0,onClose
FNDA:0,onConfirm
FNDA:0,onClose
FNDA:0,onConfirm
FNDA:0,onClose
DA:1,1
DA:2,1
DA:3,1
DA:4,1
DA:5,1
DA:6,1
DA:7,1
DA:8,1
DA:9,1
DA:10,1
DA:11,1
DA:12,1
DA:13,1
DA:14,1
DA:15,1
DA:16,1
DA:17,1
DA:18,1
DA:19,1
DA:20,1
DA:21,1
DA:22,1
DA:23,1
DA:24,1
DA:25,1
DA:26,1
DA:27,1
DA:28,26
DA:29,26
DA:30,26
DA:31,26
DA:32,26
DA:33,26
DA:34,26
DA:35,26
DA:36,26
DA:37,26
DA:38,26
DA:39,26
DA:40,26
DA:41,26
DA:42,26
DA:43,26
DA:44,26
DA:45,26
DA:46,26
DA:47,26
DA:48,26
DA:49,26
DA:50,26
DA:51,26
DA:52,26
DA:53,26
DA:54,26
DA:55,26
DA:56,26
DA:57,26
DA:58,26
DA:59,26
DA:60,26
DA:61,26
DA:62,26
DA:63,26
DA:64,26
DA:65,26
DA:66,26
DA:67,26
DA:68,26
DA:69,26
DA:70,26
DA:71,26
DA:72,26
DA:73,26
DA:74,18
DA:75,18
DA:76,1
DA:77,1
DA:78,26
DA:79,26
DA:80,26
DA:81,26
DA:82,17
DA:83,0
DA:84,0
DA:85,0
DA:86,0
DA:87,0
DA:88,0
DA:89,17
DA:90,17
DA:91,0
DA:92,0
DA:93,0
DA:94,0
DA:95,17
DA:96,17
DA:97,0
DA:98,0
DA:99,0
DA:100,0
DA:101,0
DA:102,0
DA:103,0
DA:104,0
DA:105,0
DA:106,0
DA:107,0
DA:108,0
DA:109,0
DA:110,0
DA:111,17
DA:112,17
DA:113,17
DA:114,17
DA:115,17
DA:116,17
DA:117,17
DA:118,17
DA:119,17
DA:120,17
DA:121,17
DA:122,17
DA:123,17
DA:124,17
DA:125,17
DA:126,26
DA:127,26
DA:128,26
DA:129,0
DA:130,0
DA:131,0
DA:132,0
DA:133,0
DA:134,26
DA:135,26
DA:136,0
DA:137,0
DA:138,0
DA:139,0
DA:140,0
DA:141,26
DA:142,26
DA:143,1
DA:144,1
DA:145,1
DA:146,26
DA:147,26
DA:148,2
DA:149,2
DA:150,0
DA:151,0
DA:152,2
DA:153,2
DA:154,2
DA:155,2
DA:156,26
DA:157,26
DA:158,1
DA:159,1
DA:160,1
DA:161,1
DA:162,1
DA:163,1
DA:164,26
DA:165,26
DA:166,0
DA:167,0
DA:168,0
DA:169,0
DA:170,0
DA:171,0
DA:172,26
DA:173,26
DA:174,0
DA:175,0
DA:176,0
DA:177,26
DA:178,26
DA:179,26
DA:180,26
DA:181,26
DA:182,26
DA:183,26
DA:184,26
DA:185,26
DA:186,0
DA:187,0
DA:188,0
DA:189,0
DA:190,0
DA:191,0
DA:192,0
DA:193,0
DA:194,0
DA:195,0
DA:196,26
DA:197,26
DA:198,0
DA:199,0
DA:200,0
DA:201,0
DA:202,0
DA:203,0
DA:204,0
DA:205,0
DA:206,0
DA:207,0
DA:208,26
DA:209,26
DA:210,0
DA:211,0
DA:212,0
DA:213,0
DA:214,0
DA:215,0
DA:216,0
DA:217,0
DA:218,0
DA:219,0
DA:220,0
DA:221,0
DA:222,0
DA:223,0
DA:224,0
DA:225,0
DA:226,0
DA:227,0
DA:228,0
DA:229,0
DA:230,0
DA:231,0
DA:232,0
DA:233,0
DA:234,0
DA:235,0
DA:236,0
DA:237,0
DA:238,0
DA:239,0
DA:240,0
DA:241,0
DA:242,0
DA:243,0
DA:244,0
DA:245,0
DA:246,0
DA:247,0
DA:248,0
DA:249,0
DA:250,0
DA:251,0
DA:252,0
DA:253,0
DA:254,0
DA:255,0
DA:256,26
DA:257,26
DA:258,0
DA:259,0
DA:260,0
DA:261,0
DA:262,0
DA:263,0
DA:264,0
DA:265,0
DA:266,0
DA:267,0
DA:268,0
DA:269,0
DA:270,0
DA:271,0
DA:272,0
DA:273,0
DA:274,0
DA:275,0
DA:276,0
DA:277,0
DA:278,0
DA:279,0
DA:280,0
DA:281,0
DA:282,0
DA:283,0
DA:284,0
DA:285,0
DA:286,0
DA:287,0
DA:288,0
DA:289,26
DA:290,26
DA:291,26
DA:292,26
DA:293,26
DA:294,26
DA:295,26
DA:296,26
DA:297,26
DA:298,26
DA:299,26
DA:300,26
DA:301,26
DA:302,26
DA:303,26
DA:304,26
DA:305,26
DA:306,10
DA:307,10
DA:308,10
DA:309,10
DA:310,10
DA:311,10
DA:312,10
DA:313,10
DA:314,26
DA:315,26
DA:316,26
DA:317,26
DA:318,26
DA:319,26
DA:320,10
DA:321,10
DA:322,10
DA:323,10
DA:324,10
DA:325,10
DA:326,10
DA:327,10
DA:328,10
DA:329,1
DA:330,1
DA:331,1
DA:332,1
DA:333,1
DA:334,1
DA:335,1
DA:336,1
DA:337,1
DA:338,1
DA:339,1
DA:340,1
DA:341,1
DA:342,1
DA:343,1
DA:344,1
DA:345,1
DA:346,1
DA:347,1
DA:348,1
DA:349,1
DA:350,1
DA:351,1
DA:352,10
DA:353,10
DA:354,26
DA:355,26
DA:356,1
DA:357,1
DA:358,1
DA:359,1
DA:360,1
DA:361,1
DA:362,1
DA:363,1
DA:364,26
DA:365,26
DA:366,26
DA:367,26
DA:368,26
DA:369,26
DA:370,1
DA:371,1
DA:372,1
DA:373,26
DA:374,26
DA:375,26
DA:376,26
DA:377,26
DA:378,14
DA:379,14
DA:380,14
DA:381,14
DA:382,14
DA:383,14
DA:384,14
DA:385,14
DA:386,26
DA:387,26
DA:388,26
DA:389,10
DA:390,10
DA:391,10
DA:392,10
DA:393,10
DA:394,10
DA:395,10
DA:396,10
DA:397,10
DA:398,10
DA:399,26
DA:400,26
DA:401,26
DA:402,26
DA:403,26
DA:404,26
DA:405,26
DA:406,26
DA:407,26
DA:408,26
DA:409,26
DA:410,26
DA:411,26
DA:412,26
DA:413,26
DA:414,26
DA:415,26
DA:416,26
DA:417,26
DA:418,26
DA:419,26
DA:420,26
DA:421,26
DA:422,26
DA:423,26
DA:424,26
DA:425,1
DA:426,1
DA:427,1
DA:428,1
DA:429,1
DA:430,1
DA:431,23
DA:432,10
DA:433,10
DA:434,10
DA:435,1
DA:436,1
DA:437,1
DA:438,1
DA:439,1
DA:440,1
DA:441,1
DA:442,1
DA:443,1
DA:444,1
DA:445,1
DA:446,1
DA:447,1
DA:448,1
DA:449,1
DA:450,1
DA:451,1
DA:452,10
DA:453,10
DA:454,10
DA:455,10
DA:456,10
DA:457,10
DA:458,10
DA:459,10
DA:460,10
DA:461,10
DA:462,10
DA:463,10
DA:464,10
DA:465,10
DA:466,10
DA:467,1
DA:468,1
DA:469,0
DA:470,0
DA:471,0
DA:472,0
DA:473,0
DA:474,0
DA:475,0
DA:476,0
DA:477,0
DA:478,0
DA:479,0
DA:480,0
DA:481,0
DA:482,0
DA:483,0
DA:484,0
DA:485,0
DA:486,0
DA:487,0
DA:488,0
DA:489,0
DA:490,0
DA:491,0
DA:492,0
DA:493,0
DA:494,0
DA:495,0
DA:496,0
DA:497,0
DA:498,0
DA:499,0
DA:500,0
DA:501,0
DA:502,1
DA:503,1
DA:504,9
DA:505,9
DA:506,9
DA:507,9
DA:508,9
DA:509,9
DA:510,9
DA:511,9
DA:512,9
DA:513,12
DA:514,0
DA:515,0
DA:516,0
DA:517,0
DA:518,0
DA:519,0
DA:520,0
DA:521,0
DA:522,0
DA:523,0
DA:524,0
DA:525,0
DA:526,0
DA:527,9
DA:528,9
DA:529,9
DA:530,9
DA:531,12
DA:532,12
DA:533,12
DA:534,0
DA:535,0
DA:536,0
DA:537,0
DA:538,0
DA:539,0
DA:540,0
DA:541,0
DA:542,0
DA:543,0
DA:544,0
DA:545,0
DA:546,0
DA:547,0
DA:548,0
DA:549,0
DA:550,0
DA:551,0
DA:552,0
DA:553,0
DA:554,0
DA:555,0
DA:556,0
DA:557,0
DA:558,0
DA:559,0
DA:560,0
DA:561,0
DA:562,0
DA:563,0
DA:564,0
DA:565,0
DA:566,0
DA:567,12
DA:568,1
DA:569,1
DA:570,1
DA:571,1
DA:572,1
DA:573,1
DA:574,0
DA:575,0
DA:576,0
DA:577,0
DA:578,0
DA:579,0
DA:580,0
DA:581,0
DA:582,0
DA:583,0
DA:584,0
DA:585,0
DA:586,0
DA:587,0
DA:588,1
DA:589,1
DA:590,1
DA:591,1
DA:592,1
DA:593,1
DA:594,1
DA:595,1
DA:596,12
DA:597,11
DA:598,11
DA:599,11
DA:600,11
DA:601,11
DA:602,11
DA:603,11
DA:604,0
DA:605,0
DA:606,0
DA:607,0
DA:608,0
DA:609,0
DA:610,0
DA:611,9
DA:612,9
DA:613,9
DA:614,12
DA:615,0
DA:616,0
DA:617,0
DA:618,0
DA:619,0
DA:620,0
DA:621,0
DA:622,0
DA:623,0
DA:624,0
DA:625,0
DA:626,0
DA:627,0
DA:628,0
DA:629,0
DA:630,0
DA:631,0
DA:632,0
DA:633,0
DA:634,0
DA:635,0
DA:636,0
DA:637,0
DA:638,0
DA:639,0
DA:640,0
DA:641,0
DA:642,0
DA:643,0
DA:644,0
DA:645,0
DA:646,0
DA:647,0
DA:648,0
DA:649,0
DA:650,0
DA:651,0
DA:652,0
DA:653,0
DA:654,12
DA:655,12
DA:656,12
DA:657,12
DA:658,0
DA:659,0
DA:660,0
DA:661,0
DA:662,0
DA:663,0
DA:664,0
DA:665,0
DA:666,0
DA:667,0
DA:668,0
DA:669,0
DA:670,0
DA:671,0
DA:672,0
DA:673,0
DA:674,12
DA:675,1
DA:676,1
DA:677,1
DA:678,1
DA:679,1
DA:680,1
DA:681,1
DA:682,1
DA:683,1
DA:684,1
DA:685,1
DA:686,1
DA:687,1
DA:688,1
DA:689,1
DA:690,1
DA:691,1
DA:692,0
DA:693,0
DA:694,0
DA:695,1
DA:696,1
DA:697,1
DA:698,12
DA:699,11
DA:700,11
DA:701,11
DA:702,11
DA:703,11
DA:704,11
DA:705,11
DA:706,11
DA:707,11
DA:708,0
DA:709,0
DA:710,0
DA:711,11
DA:712,11
DA:713,11
DA:714,12
DA:715,9
DA:716,10
DA:717,10
DA:718,10
DA:719,10
DA:720,13
DA:721,13
DA:722,13
DA:723,13
DA:724,13
DA:725,2
DA:726,2
DA:727,2
DA:728,2
DA:729,2
DA:730,2
DA:731,2
DA:732,2
DA:733,13
DA:734,13
DA:735,13
DA:736,26
DA:737,26
DA:738,26
DA:739,26
DA:740,23
DA:741,23
DA:742,12
DA:743,12
DA:744,12
DA:745,12
DA:746,12
DA:747,12
DA:748,12
DA:749,12
DA:750,12
DA:751,12
DA:752,23
DA:753,23
DA:754,4
DA:755,4
DA:756,4
DA:757,4
DA:758,4
DA:759,4
DA:760,4
DA:761,4
DA:762,4
DA:763,4
DA:764,23
DA:765,23
DA:766,26
DA:767,26
DA:768,26
DA:769,26
DA:770,26
DA:771,26
DA:772,26
DA:773,26
DA:774,26
DA:775,26
DA:776,26
DA:777,26
DA:778,26
DA:779,26
DA:780,26
DA:781,26
DA:782,26
DA:783,26
DA:784,26
DA:785,26
DA:786,0
DA:787,0
DA:788,0
DA:789,0
DA:790,0
DA:791,26
DA:792,26
DA:793,26
DA:794,26
DA:795,26
DA:796,26
DA:797,26
DA:798,0
DA:799,0
DA:800,0
DA:801,0
DA:802,0
DA:803,26
DA:804,26
DA:805,26
DA:806,26
DA:807,26
DA:808,26
DA:809,0
DA:810,0
DA:811,0
DA:812,0
DA:813,26
DA:814,26
DA:815,26
DA:816,26
DA:817,26
DA:818,26
DA:819,26
DA:820,0
DA:821,0
DA:822,0
DA:823,26
DA:824,0
DA:825,0
DA:826,0
DA:827,0
DA:828,0
DA:829,26
DA:830,26
DA:831,26
DA:832,26
DA:833,26
DA:834,26
DA:835,0
DA:836,0
DA:837,0
DA:838,26
DA:839,0
DA:840,0
DA:841,0
DA:842,0
DA:843,0
DA:844,0
DA:845,0
DA:846,0
DA:847,0
DA:848,0
DA:849,0
DA:850,26
DA:851,26
DA:852,26
DA:853,26
DA:854,3
DA:855,3
DA:856,3
DA:857,3
DA:858,3
DA:859,3
DA:860,3
DA:861,26
DA:862,26
DA:863,26
DA:864,26
LF:864
LH:525
BRDA:27,0,0,26
BRDA:305,1,0,10
BRDA:319,2,0,10
BRDA:323,3,0,1
BRDA:323,4,0,9
BRDA:328,5,0,1
BRDA:348,6,0,0
BRDA:355,7,0,10
BRDA:355,8,0,1
BRDA:359,9,0,0
BRDA:362,10,0,0
BRDA:369,11,0,1
BRDA:369,12,0,1
BRDA:377,13,0,14
BRDA:388,14,0,10
BRDA:405,15,0,10
BRDA:405,16,0,14
BRDA:422,17,0,0
BRDA:422,18,0,24
BRDA:424,19,0,1
BRDA:430,20,0,23
BRDA:431,21,0,10
BRDA:434,22,0,1
BRDA:434,23,0,1
BRDA:719,24,0,13
BRDA:739,25,0,23
BRDA:741,26,0,13
BRDA:741,27,0,12
BRDA:753,28,0,10
BRDA:753,29,0,4
BRDA:818,30,0,0
BRDA:818,31,0,24
BRDA:833,32,0,0
BRDA:833,33,0,24
BRDA:853,34,0,3
BRDA:853,35,0,3
BRDA:858,36,0,2
BRDA:858,37,0,1
BRDA:859,38,0,1
BRDA:859,39,0,2
BRDA:73,40,0,18
BRDA:75,41,0,17
BRDA:75,42,0,16
BRDA:75,43,0,1
BRDA:81,44,0,17
BRDA:119,45,0,17
BRDA:142,46,0,1
BRDA:143,47,0,0
BRDA:147,48,0,2
BRDA:149,49,0,0
BRDA:152,50,0,4
BRDA:152,51,0,2
BRDA:157,52,0,1
BRDA:332,53,0,1
BRDA:333,54,0,0
BRDA:379,55,0,1
BRDA:458,56,0,10
BRDA:466,57,0,1
BRDA:503,58,0,9
BRDA:510,59,0,12
BRDA:512,60,0,12
BRDA:513,61,0,0
BRDA:513,62,0,0
BRDA:530,63,0,12
BRDA:531,64,0,0
BRDA:533,65,0,0
BRDA:533,66,0,0
BRDA:567,67,0,1
BRDA:567,68,0,1
BRDA:573,69,0,0
BRDA:596,70,0,11
BRDA:603,71,0,0
BRDA:613,72,0,12
BRDA:614,73,0,0
BRDA:657,74,0,0
BRDA:674,75,0,1
BRDA:698,76,0,11
BRDA:706,77,0,0
BRDA:704,78,0,2
BRDA:724,79,0,2
BRDA:728,80,0,0
BRDA:753,81,0,12
BRDA:856,82,0,6
BRDA:858,83,0,6
BRF:84
BRH:64
end_of_record
TN:
SF:src\components\Archive\ArchiveSearchBar.tsx
FN:10,ArchiveSearchBar
FN:26,onChange
FN:33,onClick
FNF:3
FNH:3
FNDA:32,ArchiveSearchBar
FNDA:14,onChange
FNDA:1,onClick
DA:1,1
DA:2,1
DA:3,1
DA:4,1
DA:5,1
DA:6,1
DA:7,1
DA:8,1
DA:9,1
DA:10,1
DA:11,32
DA:12,32
DA:13,32
DA:14,32
DA:15,32
DA:16,32
DA:17,32
DA:18,32
DA:19,32
DA:20,32
DA:21,32
DA:22,32
DA:23,32
DA:24,32
DA:25,32
DA:26,32
DA:27,32
DA:28,32
DA:29,32
DA:30,32
DA:31,32
DA:32,3
DA:33,3
DA:34,3
DA:35,3
DA:36,3
DA:37,3
DA:38,3
DA:39,32
DA:40,32
DA:41,32
DA:42,32
DA:43,32
LF:43
LH:43
BRDA:10,0,0,32
BRDA:31,1,0,3
BRDA:26,2,0,14
BRDA:33,3,0,1
BRF:4
BRH:4
end_of_record
TN:
SF:src\components\Archive\CaseFolder.tsx
FN:15,CaseFolder
FN:20,loadBackgroundImage
FN:67,onClick
FN:99,onClick
FNF:4
FNH:4
FNDA:16,CaseFolder
FNDA:13,loadBackgroundImage
FNDA:1,onClick
FNDA:1,onClick
DA:1,1
DA:2,1
DA:3,1
DA:4,1
DA:5,1
DA:6,1
DA:7,1
DA:8,1
DA:9,1
DA:10,1
DA:11,1
DA:12,1
DA:13,1
DA:14,1
DA:15,1
DA:16,16
DA:17,16
DA:18,16
DA:19,16
DA:20,13
DA:21,13
DA:22,12
DA:23,12
DA:24,12
DA:25,1
DA:26,1
DA:27,1
DA:28,1
DA:29,1
DA:30,11
DA:31,0
DA:32,0
DA:33,0
DA:34,13
DA:35,13
DA:36,13
DA:37,16
DA:38,16
DA:39,16
DA:40,16
DA:41,16
DA:42,16
DA:43,16
DA:44,16
DA:45,16
DA:46,16
DA:47,16
DA:48,16
DA:49,16
DA:50,16
DA:51,16
DA:52,16
DA:53,16
DA:54,16
DA:55,16
DA:56,16
DA:57,16
DA:58,16
DA:59,16
DA:60,16
DA:61,1
DA:62,16
DA:63,16
DA:64,16
DA:65,16
DA:66,3
DA:67,3
DA:68,1
DA:69,1
DA:70,1
DA:71,3
DA:72,3
DA:73,3
DA:74,3
DA:75,3
DA:76,16
DA:77,16
DA:78,16
DA:79,16
DA:80,16
DA:81,16
DA:82,16
DA:83,1
DA:84,1
DA:85,1
DA:86,16
DA:87,16
DA:88,16
DA:89,16
DA:90,16
DA:91,16
DA:92,16
DA:93,16
DA:94,16
DA:95,16
DA:96,16
DA:97,16
DA:98,3
DA:99,3
DA:100,1
DA:101,1
DA:102,1
DA:103,3
DA:104,3
DA:105,3
DA:106,3
DA:107,3
DA:108,16
DA:109,16
DA:110,16
DA:111,16
DA:112,1
DA:113,1
DA:114,1
DA:115,1
DA:116,1
DA:117,1
DA:118,16
DA:119,16
DA:120,16
DA:121,16
DA:122,16
DA:123,16
DA:124,11
DA:125,11
DA:126,11
DA:127,11
DA:128,11
DA:129,11
DA:130,11
DA:131,11
DA:132,11
DA:133,11
DA:134,16
DA:135,16
DA:136,16
DA:137,16
LF:137
LH:134
BRDA:15,0,0,16
BRDA:53,1,0,1
BRDA:53,2,0,13
BRDA:60,3,0,1
BRDA:65,4,0,3
BRDA:82,5,0,1
BRDA:97,6,0,3
BRDA:111,7,0,1
BRDA:123,8,0,11
BRDA:19,9,0,13
BRDA:20,10,0,13
BRDA:21,11,0,1
BRDA:21,12,0,12
BRDA:24,13,0,11
BRDA:24,14,0,1
BRDA:30,15,0,0
BRDA:67,16,0,1
BRDA:99,17,0,1
BRF:18
BRH:17
end_of_record
TN:
SF:src\components\Archive\CaseNameDialog.tsx
FN:11,CaseNameDialog
FN:22,handleConfirm
FN:30,handleKeyPress
FN:38,handleTextareaKeyPress
FN:56,onMouseDown
FN:71,onMouseDown
FN:72,onClick
FN:91,onChange
FN:93,onMouseDown
FN:94,onClick
FN:108,onChange
FN:110,onMouseDown
FN:111,onClick
FNF:13
FNH:13
FNDA:125,CaseNameDialog
FNDA:3,handleConfirm
FNDA:41,handleKeyPress
FNDA:34,handleTextareaKeyPress
FNDA:1,onMouseDown
FNDA:3,onMouseDown
FNDA:3,onClick
FNDA:39,onChange
FNDA:6,onMouseDown
FNDA:6,onClick
FNDA:31,onChange
FNDA:4,onMouseDown
FNDA:4,onClick
DA:1,1
DA:2,1
DA:3,1
DA:4,1
DA:5,1
DA:6,1
DA:7,1
DA:8,1
DA:9,1
DA:10,1
DA:11,1
DA:12,125
DA:13,125
DA:14,125
DA:15,125
DA:16,38
DA:17,19
DA:18,19
DA:19,19
DA:20,125
DA:21,125
DA:22,125
DA:23,3
DA:24,3
DA:25,3
DA:26,3
DA:27,3
DA:28,3
DA:29,125
DA:30,125
DA:31,41
DA:32,1
DA:33,41
DA:34,1
DA:35,1
DA:36,41
DA:37,125
DA:38,125
DA:39,34
DA:40,1
DA:41,1
DA:42,1
DA:43,34
DA:44,1
DA:45,1
DA:46,34
DA:47,125
DA:48,125
DA:49,98
DA:50,98
DA:51,98
DA:52,98
DA:53,98
DA:54,98
DA:55,98
DA:56,98
DA:57,1
DA:58,1
DA:59,1
DA:60,1
DA:61,1
DA:62,98
DA:63,98
DA:64,98
DA:65,98
DA:66,98
DA:67,98
DA:68,98
DA:69,98
DA:70,98
DA:71,98
DA:72,98
DA:73,98
DA:74,98
DA:75,98
DA:76,98
DA:77,98
DA:78,98
DA:79,98
DA:80,98
DA:81,98
DA:82,98
DA:83,98
DA:84,98
DA:85,98
DA:86,98
DA:87,98
DA:88,98
DA:89,98
DA:90,98
DA:91,98
DA:92,98
DA:93,98
DA:94,98
DA:95,98
DA:96,98
DA:97,98
DA:98,98
DA:99,98
DA:100,98
DA:101,98
DA:102,98
DA:103,98
DA:104,98
DA:105,98
DA:106,98
DA:107,98
DA:108,98
DA:109,98
DA:110,98
DA:111,98
DA:112,98
DA:113,98
DA:114,98
DA:115,98
DA:116,98
DA:117,98
DA:118,98
DA:119,98
DA:120,98
DA:121,98
DA:122,98
DA:123,98
DA:124,98
DA:125,98
DA:126,98
DA:127,98
DA:128,98
DA:129,98
DA:130,98
DA:131,98
DA:132,98
DA:133,98
DA:134,98
DA:135,98
DA:136,98
DA:137,98
DA:138,98
DA:139,98
DA:140,98
LF:140
LH:140
BRDA:11,0,0,125
BRDA:48,1,0,26
BRDA:48,2,0,98
BRDA:15,3,0,38
BRDA:16,4,0,19
BRDA:22,5,0,3
BRDA:30,6,0,41
BRDA:31,7,0,1
BRDA:33,8,0,40
BRDA:33,9,0,1
BRDA:38,10,0,34
BRDA:39,11,0,1
BRDA:39,12,0,0
BRDA:39,13,0,1
BRDA:43,14,0,33
BRDA:43,15,0,1
BRDA:56,16,0,1
BRDA:71,17,0,3
BRDA:72,18,0,3
BRDA:91,19,0,39
BRDA:93,20,0,6
BRDA:94,21,0,6
BRDA:108,22,0,31
BRDA:110,23,0,4
BRDA:111,24,0,4
BRF:25
BRH:24
end_of_record
TN:
SF:src\components\Archive\DeleteFolderConfirmDialog.tsx
FN:11,DeleteFolderConfirmDialog
FN:36,onClick
FN:67,onClick
FNF:3
FNH:3
FNDA:33,DeleteFolderConfirmDialog
FNDA:3,onClick
FNDA:1,onClick
DA:1,1
DA:2,1
DA:3,1
DA:4,1
DA:5,1
DA:6,1
DA:7,1
DA:8,1
DA:9,1
DA:10,1
DA:11,1
DA:12,33
DA:13,33
DA:14,33
DA:15,33
DA:16,33
DA:17,33
DA:18,8
DA:19,8
DA:20,8
DA:21,8
DA:22,8
DA:23,8
DA:24,8
DA:25,8
DA:26,8
DA:27,8
DA:28,8
DA:29,8
DA:30,8
DA:31,8
DA:32,8
DA:33,8
DA:34,8
DA:35,8
DA:36,8
DA:37,8
DA:38,8
DA:39,8
DA:40,8
DA:41,8
DA:42,8
DA:43,8
DA:44,8
DA:45,8
DA:46,8
DA:47,8
DA:48,8
DA:49,8
DA:50,8
DA:51,8
DA:52,8
DA:53,8
DA:54,8
DA:55,8
DA:56,8
DA:57,8
DA:58,8
DA:59,8
DA:60,8
DA:61,8
DA:62,8
DA:63,8
DA:64,8
DA:65,8
DA:66,8
DA:67,8
DA:68,1
DA:69,1
DA:70,1
DA:71,8
DA:72,8
DA:73,8
DA:74,8
DA:75,8
DA:76,8
DA:77,8
DA:78,8
DA:79,8
DA:80,8
DA:81,8
DA:82,8
LF:82
LH:82
BRDA:11,0,0,33
BRDA:17,1,0,25
BRDA:17,2,0,8
BRDA:36,3,0,3
BRDA:67,4,0,1
BRF:5
BRH:5
end_of_record
TN:
SF:src\components\Archive\ExtractionFolder.tsx
FN:13,ExtractionFolder
FN:58,onClick
FN:71,onClick
FNF:3
FNH:3
FNDA:11,ExtractionFolder
FNDA:1,onClick
FNDA:1,onClick
DA:1,1
DA:2,1
DA:3,1
DA:4,1
DA:5,1
DA:6,1
DA:7,1
DA:8,1
DA:9,1
DA:10,1
DA:11,1
DA:12,1
DA:13,1
DA:14,11
DA:15,11
DA:16,11
DA:17,11
DA:18,11
DA:19,11
DA:20,11
DA:21,11
DA:22,11
DA:23,11
DA:24,11
DA:25,11
DA:26,11
DA:27,2
DA:28,8
DA:29,11
DA:30,11
DA:31,11
DA:32,11
DA:33,11
DA:34,11
DA:35,11
DA:36,2
DA:37,2
DA:38,2
DA:39,11
DA:40,11
DA:41,11
DA:42,11
DA:43,11
DA:44,11
DA:45,11
DA:46,11
DA:47,11
DA:48,11
DA:49,11
DA:50,8
DA:51,11
DA:52,11
DA:53,11
DA:54,11
DA:55,8
DA:56,8
DA:57,2
DA:58,2
DA:59,1
DA:60,1
DA:61,1
DA:62,2
DA:63,2
DA:64,2
DA:65,2
DA:66,2
DA:67,2
DA:68,8
DA:69,8
DA:70,2
DA:71,2
DA:72,1
DA:73,1
DA:74,1
DA:75,2
DA:76,2
DA:77,2
DA:78,2
DA:79,2
DA:80,8
DA:81,8
DA:82,11
DA:83,11
DA:84,11
DA:85,11
DA:86,2
DA:87,2
DA:88,2
DA:89,2
DA:90,2
DA:91,2
DA:92,11
DA:93,11
DA:94,11
DA:95,11
DA:96,11
LF:96
LH:96
BRDA:13,0,0,11
BRDA:17,1,0,2
BRDA:17,2,0,8
BRDA:19,3,0,8
BRDA:19,4,0,2
BRDA:20,5,0,8
BRDA:20,6,0,2
BRDA:21,7,0,9
BRDA:21,8,0,1
BRDA:26,9,0,2
BRDA:27,10,0,8
BRDA:34,11,0,2
BRDA:34,12,0,8
BRDA:35,13,0,2
BRDA:42,14,0,2
BRDA:42,15,0,8
BRDA:49,16,0,8
BRDA:54,17,0,8
BRDA:56,18,0,2
BRDA:69,19,0,2
BRDA:85,20,0,2
BRDA:58,21,0,1
BRDA:71,22,0,1
BRF:23
BRH:23
end_of_record
TN:
SF:src\components\Archive\ExtractionFolderDialog.tsx
FN:12,ExtractionFolderDialog
FN:23,handleConfirm
FN:38,handleKeyPress
FN:56,onClick
FN:72,onClick
FN:89,onSubmit
FN:101,onChange
FNF:7
FNH:6
FNDA:113,ExtractionFolderDialog
FNDA:4,handleConfirm
FNDA:61,handleKeyPress
FNDA:1,onClick
FNDA:12,onClick
FNDA:0,onSubmit
FNDA:58,onChange
DA:1,1
DA:2,1
DA:3,1
DA:4,1
DA:5,1
DA:6,1
DA:7,1
DA:8,1
DA:9,1
DA:10,1
DA:11,1
DA:12,1
DA:13,113
DA:14,113
DA:15,113
DA:16,113
DA:17,36
DA:18,17
DA:19,17
DA:20,17
DA:21,113
DA:22,113
DA:23,113
DA:24,4
DA:25,4
DA:26,4
DA:27,4
DA:28,4
DA:29,4
DA:30,4
DA:31,0
DA:32,0
DA:33,0
DA:34,0
DA:35,4
DA:36,4
DA:37,113
DA:38,113
DA:39,61
DA:40,2
DA:41,2
DA:42,61
DA:43,1
DA:44,1
DA:45,1
DA:46,61
DA:47,113
DA:48,113
DA:49,85
DA:50,85
DA:51,85
DA:52,85
DA:53,85
DA:54,85
DA:55,85
DA:56,85
DA:57,1
DA:58,1
DA:59,1
DA:60,1
DA:61,1
DA:62,85
DA:63,85
DA:64,85
DA:65,85
DA:66,85
DA:67,85
DA:68,85
DA:69,85
DA:70,85
DA:71,85
DA:72,85
DA:73,85
DA:74,85
DA:75,85
DA:76,85
DA:77,85
DA:78,85
DA:79,85
DA:80,85
DA:81,85
DA:82,85
DA:83,85
DA:84,85
DA:85,85
DA:86,85
DA:87,85
DA:88,85
DA:89,85
DA:90,0
DA:91,0
DA:92,0
DA:93,85
DA:94,85
DA:95,85
DA:96,85
DA:97,85
DA:98,85
DA:99,85
DA:100,85
DA:101,85
DA:102,85
DA:103,85
DA:104,85
DA:105,85
DA:106,85
DA:107,85
DA:108,85
DA:109,85
DA:110,85
DA:111,85
DA:112,85
DA:113,85
DA:114,85
DA:115,85
DA:116,85
DA:117,85
DA:118,85
DA:119,85
DA:120,85
DA:121,85
DA:122,89
DA:123,113
DA:124,113
DA:125,113
DA:126,113
DA:127,113
DA:128,113
DA:129,113
DA:130,113
DA:131,113
DA:132,113
DA:133,113
DA:134,113
LF:134
LH:127
BRDA:12,0,0,113
BRDA:48,1,0,27
BRDA:48,2,0,89
BRDA:48,3,0,85
BRDA:122,4,0,61
BRDA:124,5,0,4
BRDA:124,6,0,81
BRDA:125,7,0,61
BRDA:127,8,0,4
BRDA:127,9,0,81
BRDA:16,10,0,36
BRDA:17,11,0,17
BRDA:23,12,0,4
BRDA:30,13,0,0
BRDA:38,14,0,61
BRDA:39,15,0,2
BRDA:42,16,0,59
BRDA:42,17,0,1
BRDA:56,18,0,1
BRDA:72,19,0,12
BRDA:101,20,0,58
BRF:21
BRH:20
end_of_record
TN:
SF:src\components\Archive\FolderSelectionDialog.tsx
FN:11,FolderSelectionDialog
FN:36,onClick
FN:54,onClick
FN:66,onClick
FNF:4
FNH:4
FNDA:35,FolderSelectionDialog
FNDA:4,onClick
FNDA:1,onClick
FNDA:1,onClick
DA:1,1
DA:2,1
DA:3,1
DA:4,1
DA:5,1
DA:6,1
DA:7,1
DA:8,1
DA:9,1
DA:10,1
DA:11,1
DA:12,35
DA:13,35
DA:14,35
DA:15,35
DA:16,35
DA:17,35
DA:18,10
DA:19,10
DA:20,10
DA:21,10
DA:22,10
DA:23,10
DA:24,10
DA:25,10
DA:26,10
DA:27,10
DA:28,10
DA:29,10
DA:30,10
DA:31,10
DA:32,10
DA:33,10
DA:34,10
DA:35,10
DA:36,10
DA:37,10
DA:38,10
DA:39,10
DA:40,10
DA:41,10
DA:42,10
DA:43,10
DA:44,10
DA:45,10
DA:46,10
DA:47,10
DA:48,10
DA:49,10
DA:50,10
DA:51,10
DA:52,10
DA:53,10
DA:54,10
DA:55,1
DA:56,1
DA:57,1
DA:58,10
DA:59,10
DA:60,10
DA:61,10
DA:62,10
DA:63,10
DA:64,10
DA:65,10
DA:66,10
DA:67,1
DA:68,1
DA:69,1
DA:70,10
DA:71,10
DA:72,10
DA:73,10
DA:74,10
DA:75,10
DA:76,10
DA:77,10
DA:78,10
DA:79,10
DA:80,10
DA:81,10
DA:82,10
DA:83,10
DA:84,10
DA:85,10
DA:86,10
DA:87,10
DA:88,10
DA:89,10
LF:89
LH:89
BRDA:11,0,0,35
BRDA:17,1,0,25
BRDA:17,2,0,10
BRDA:36,3,0,4
BRDA:54,4,0,1
BRDA:66,5,0,1
BRF:6
BRH:6
end_of_record
TN:
SF:src\components\Archive\PDFOptionsDropdown.tsx
FN:8,PDFOptionsDropdown
FN:18,onClick
FNF:2
FNH:2
FNDA:6,PDFOptionsDropdown
FNDA:2,onClick
DA:1,1
DA:2,1
DA:3,1
DA:4,1
DA:5,1
DA:6,1
DA:7,1
DA:8,1
DA:9,6
DA:10,6
DA:11,6
DA:12,6
DA:13,6
DA:14,6
DA:15,6
DA:16,6
DA:17,6
DA:18,6
DA:19,2
DA:20,2
DA:21,2
DA:22,6
DA:23,6
DA:24,6
DA:25,6
DA:26,6
DA:27,6
DA:28,6
DA:29,6
LF:29
LH:29
BRDA:8,0,0,6
BRDA:18,1,0,2
BRF:2
BRH:2
end_of_record
TN:
SF:src\components\Archive\RenameFileDialog.tsx
FN:12,RenameFileDialog
FN:34,handleConfirm
FN:41,handleKeyPress
FN:68,onClick
FN:91,onChange
FN:97,onMouseDown
FNF:6
FNH:6
FNDA:102,RenameFileDialog
FNDA:2,handleConfirm
FNDA:42,handleKeyPress
FNDA:7,onClick
FNDA:44,onChange
FNDA:4,onMouseDown
DA:1,1
DA:2,1
DA:3,1
DA:4,1
DA:5,1
DA:6,1
DA:7,1
DA:8,1
DA:9,1
DA:10,1
DA:11,1
DA:12,1
DA:13,102
DA:14,102
DA:15,102
DA:16,102
DA:17,102
DA:18,33
DA:19,15
DA:20,15
DA:21,15
DA:22,15
DA:23,1
DA:24,1
DA:25,1
DA:26,1
DA:27,1
DA:28,15
DA:29,33
DA:30,18
DA:31,18
DA:32,102
DA:33,102
DA:34,102
DA:35,2
DA:36,2
DA:37,2
DA:38,2
DA:39,2
DA:40,102
DA:41,102
DA:42,42
DA:43,1
DA:44,42
DA:45,1
DA:46,1
DA:47,42
DA:48,102
DA:49,102
DA:50,76
DA:51,76
DA:52,76
DA:53,76
DA:54,76
DA:55,76
DA:56,76
DA:57,76
DA:58,76
DA:59,76
DA:60,76
DA:61,76
DA:62,76
DA:63,76
DA:64,76
DA:65,76
DA:66,76
DA:67,76
DA:68,76
DA:69,76
DA:70,76
DA:71,76
DA:72,76
DA:73,76
DA:74,76
DA:75,76
DA:76,76
DA:77,76
DA:78,76
DA:79,76
DA:80,76
DA:81,76
DA:82,76
DA:83,76
DA:84,76
DA:85,76
DA:86,76
DA:87,76
DA:88,76
DA:89,76
DA:90,76
DA:91,76
DA:92,44
DA:93,44
DA:94,44
DA:95,44
DA:96,76
DA:97,76
DA:98,4
DA:99,4
DA:100,3
DA:101,3
DA:102,4
DA:103,76
DA:104,76
DA:105,76
DA:106,76
DA:107,76
DA:108,76
DA:109,76
DA:110,76
DA:111,76
DA:112,76
DA:113,76
DA:114,76
DA:115,76
DA:116,76
DA:117,76
DA:118,76
DA:119,78
DA:120,102
DA:121,102
DA:122,102
DA:123,102
DA:124,102
DA:125,102
DA:126,102
DA:127,102
DA:128,102
DA:129,102
DA:130,102
DA:131,102
LF:131
LH:131
BRDA:12,0,0,102
BRDA:49,1,0,25
BRDA:49,2,0,78
BRDA:49,3,0,76
BRDA:119,4,0,54
BRDA:122,5,0,54
BRDA:17,6,0,33
BRDA:18,7,0,15
BRDA:29,8,0,18
BRDA:22,9,0,1
BRDA:34,10,0,2
BRDA:41,11,0,42
BRDA:42,12,0,1
BRDA:44,13,0,41
BRDA:44,14,0,1
BRDA:68,15,0,7
BRDA:91,16,0,44
BRDA:97,17,0,4
BRDA:99,18,0,3
BRF:19
BRH:19
end_of_record
TN:
SF:src\components\Archive\SaveParentDialog.tsx
FN:10,SaveParentDialog
FN:30,onClick
FN:48,onClick
FN:58,onClick
FNF:4
FNH:4
FNDA:32,SaveParentDialog
FNDA:3,onClick
FNDA:1,onClick
FNDA:1,onClick
DA:1,1
DA:2,1
DA:3,1
DA:4,1
DA:5,1
DA:6,1
DA:7,1
DA:8,1
DA:9,1
DA:10,1
DA:11,32
DA:12,7
DA:13,7
DA:14,7
DA:15,7
DA:16,7
DA:17,7
DA:18,7
DA:19,7
DA:20,7
DA:21,7
DA:22,7
DA:23,7
DA:24,7
DA:25,7
DA:26,7
DA:27,7
DA:28,7
DA:29,7
DA:30,7
DA:31,7
DA:32,7
DA:33,7
DA:34,7
DA:35,7
DA:36,7
DA:37,7
DA:38,7
DA:39,7
DA:40,7
DA:41,7
DA:42,7
DA:43,7
DA:44,7
DA:45,7
DA:46,7
DA:47,7
DA:48,7
DA:49,1
DA:50,1
DA:51,1
DA:52,7
DA:53,7
DA:54,7
DA:55,7
DA:56,7
DA:57,7
DA:58,7
DA:59,1
DA:60,1
DA:61,1
DA:62,7
DA:63,7
DA:64,7
DA:65,7
DA:66,7
DA:67,7
DA:68,7
DA:69,7
DA:70,7
DA:71,7
DA:72,7
LF:72
LH:72
BRDA:10,0,0,32
BRDA:11,1,0,25
BRDA:11,2,0,7
BRDA:30,3,0,3
BRDA:48,4,0,1
BRDA:58,5,0,1
BRF:6
BRH:6
end_of_record
TN:
SF:src\components\Toast\Toast.tsx
FN:10,Toast
FN:11,getToastStyles
FN:41,onClick
FNF:3
FNH:3
FNDA:30,Toast
FNDA:30,getToastStyles
FNDA:1,onClick
DA:1,1
DA:2,1
DA:3,1
DA:4,1
DA:5,1
DA:6,1
DA:7,1
DA:8,1
DA:9,1
DA:10,1
DA:11,30
DA:12,30
DA:13,30
DA:14,8
DA:15,30
DA:16,4
DA:17,30
DA:18,1
DA:19,30
DA:20,17
DA:21,30
DA:22,30
DA:23,30
DA:24,30
DA:25,30
DA:26,30
DA:27,30
DA:28,30
DA:29,30
DA:30,30
DA:31,30
DA:32,30
DA:33,30
DA:34,30
DA:35,30
DA:36,30
DA:37,30
DA:38,30
DA:39,30
DA:40,30
DA:41,30
DA:42,30
DA:43,30
DA:44,30
DA:45,30
DA:46,30
DA:47,30
DA:48,30
DA:49,30
LF:49
LH:49
BRDA:10,0,0,30
BRDA:11,1,0,30
BRDA:13,2,0,8
BRDA:15,3,0,4
BRDA:17,4,0,1
BRDA:19,5,0,17
BRDA:41,6,0,1
BRF:7
BRH:7
end_of_record
TN:
SF:src\components\Toast\ToastContainer.tsx
FN:5,ToastContainer
FNF:1
FNH:1
FNDA:37,ToastContainer
DA:1,1
DA:2,1
DA:3,1
DA:4,1
DA:5,1
DA:6,37
DA:7,37
DA:8,37
DA:9,37
DA:10,37
DA:11,37
DA:12,21
DA:13,21
DA:14,21
DA:15,37
DA:16,37
DA:17,37
DA:18,37
DA:19,37
LF:19
LH:19
BRDA:5,0,0,37
BRDA:11,1,0,21
BRF:2
BRH:2
end_of_record
TN:
SF:src\components\Toast\ToastContext.tsx
FN:20,ToastProvider
FN:72,useToast
FNF:2
FNH:2
FNDA:170,ToastProvider
FNDA:408,useToast
DA:1,1
DA:2,1
DA:3,1
DA:4,1
DA:5,1
DA:6,1
DA:7,1
DA:8,1
DA:9,1
DA:10,1
DA:11,1
DA:12,1
DA:13,1
DA:14,1
DA:15,1
DA:16,1
DA:17,1
DA:18,1
DA:19,1
DA:20,1
DA:21,170
DA:22,170
DA:23,170
DA:24,59
DA:25,59
DA:26,59
DA:27,59
DA:28,59
DA:29,59
DA:30,59
DA:31,47
DA:32,11
DA:33,47
DA:34,47
DA:35,59
DA:36,59
DA:37,170
DA:38,170
DA:39,170
DA:40,11
DA:41,11
DA:42,11
DA:43,170
DA:44,170
DA:45,170
DA:46,13
DA:47,170
DA:48,170
DA:49,170
DA:50,16
DA:51,170
DA:52,170
DA:53,170
DA:54,12
DA:55,170
DA:56,170
DA:57,170
DA:58,16
DA:59,170
DA:60,170
DA:61,170
DA:62,1
DA:63,170
DA:64,170
DA:65,170
DA:66,170
DA:67,170
DA:68,170
DA:69,170
DA:70,170
DA:71,1
DA:72,1
DA:73,408
DA:74,408
DA:75,4
DA:76,4
DA:77,404
DA:78,404
LF:78
LH:78
BRDA:20,0,0,170
BRDA:23,1,0,59
BRDA:30,2,0,47
BRDA:27,3,0,59
BRDA:31,4,0,11
BRDA:39,5,0,11
BRDA:40,6,0,11
BRDA:41,7,0,11
BRDA:41,8,0,0
BRDA:45,9,0,13
BRDA:46,10,0,6
BRDA:46,11,0,6
BRDA:49,12,0,16
BRDA:53,13,0,12
BRDA:57,14,0,16
BRDA:61,15,0,1
BRDA:72,16,0,408
BRDA:74,17,0,4
BRDA:76,18,0,404
BRF:19
BRH:18
end_of_record
TN:
SF:src\hooks\useArchive.ts
FN:11,useArchive
FN:866,refreshFiles
FNF:2
FNH:2
FNDA:254,useArchive
FNDA:3,refreshFiles
DA:1,1
DA:2,1
DA:3,1
DA:4,1
DA:5,1
DA:6,1
DA:7,1
DA:8,1
DA:9,1
DA:10,1
DA:11,1
DA:12,254
DA:13,254
DA:14,254
DA:15,254
DA:16,254
DA:17,254
DA:18,254
DA:19,254
DA:20,254
DA:21,254
DA:22,254
DA:23,254
DA:24,254
DA:25,43
DA:26,254
DA:27,254
DA:28,254
DA:29,254
DA:30,75
DA:31,32
DA:32,32
DA:33,254
DA:34,254
DA:35,254
DA:36,254
DA:37,254
DA:38,254
DA:39,254
DA:40,254
DA:41,73
DA:42,29
DA:43,9
DA:44,9
DA:45,29
DA:46,20
DA:47,20
DA:48,20
DA:49,73
DA:50,44
DA:51,44
DA:52,44
DA:53,44
DA:54,44
DA:55,254
DA:56,254
DA:57,254
DA:58,43
DA:59,43
DA:60,0
DA:61,0
DA:62,43
DA:63,43
DA:64,42
DA:65,43
DA:66,1
DA:67,1
DA:68,254
DA:69,254
DA:70,254
DA:71,3
DA:72,3
DA:73,0
DA:74,0
DA:75,0
DA:76,3
DA:77,3
DA:78,3
DA:79,1
DA:80,1
DA:81,1
DA:82,1
DA:83,0
DA:84,1
DA:85,1
DA:86,1
DA:87,1
DA:88,1
DA:89,1
DA:90,1
DA:91,1
DA:92,1
DA:93,1
DA:94,254
DA:95,254
DA:96,254
DA:97,36
DA:98,4
DA:99,4
DA:100,32
DA:101,32
DA:102,32
DA:103,32
DA:104,31
DA:105,36
DA:106,1
DA:107,36
DA:108,32
DA:109,32
DA:110,254
DA:111,254
DA:112,254
DA:113,2
DA:114,2
DA:115,0
DA:116,0
DA:117,0
DA:118,2
DA:119,2
DA:120,1
DA:121,1
DA:122,1
DA:123,1
DA:124,1
DA:125,1
DA:126,1
DA:127,254
DA:128,254
DA:129,254
DA:130,1
DA:131,1
DA:132,0
DA:133,0
DA:134,0
DA:135,1
DA:136,1
DA:137,1
DA:138,1
DA:139,0
DA:140,0
DA:141,1
DA:142,1
DA:143,1
DA:144,1
DA:145,1
DA:146,1
DA:147,1
DA:148,1
DA:149,1
DA:150,1
DA:151,0
DA:152,0
DA:153,0
DA:154,254
DA:155,254
DA:156,254
DA:157,254
DA:158,5
DA:159,5
DA:160,0
DA:161,0
DA:162,5
DA:163,5
DA:164,4
DA:165,4
DA:166,4
DA:167,4
DA:168,4
DA:169,4
DA:170,4
DA:171,4
DA:172,5
DA:173,0
DA:174,0
DA:175,0
DA:176,0
DA:177,0
DA:178,0
DA:179,0
DA:180,0
DA:181,0
DA:182,0
DA:183,0
DA:184,0
DA:185,0
DA:186,0
DA:187,0
DA:188,0
DA:189,0
DA:190,0
DA:191,0
DA:192,0
DA:193,0
DA:194,0
DA:195,0
DA:196,0
DA:197,0
DA:198,0
DA:199,0
DA:200,0
DA:201,0
DA:202,0
DA:203,0
DA:204,0
DA:205,0
DA:206,0
DA:207,0
DA:208,0
DA:209,0
DA:210,0
DA:211,0
DA:212,0
DA:213,0
DA:214,0
DA:215,0
DA:216,0
DA:217,0
DA:218,5
DA:219,0
DA:220,0
DA:221,0
DA:222,0
DA:223,0
DA:224,0
DA:225,0
DA:226,0
DA:227,4
DA:228,0
DA:229,0
DA:230,4
DA:231,4
DA:232,4
DA:233,0
DA:234,0
DA:235,0
DA:236,0
DA:237,0
DA:238,0
DA:239,0
DA:240,0
DA:241,0
DA:242,0
DA:243,0
DA:244,0
DA:245,0
DA:246,0
DA:247,0
DA:248,0
DA:249,0
DA:250,0
DA:251,0
DA:252,0
DA:253,0
DA:254,0
DA:255,0
DA:256,0
DA:257,0
DA:258,0
DA:259,0
DA:260,0
DA:261,0
DA:262,0
DA:263,0
DA:264,0
DA:265,0
DA:266,0
DA:267,0
DA:268,0
DA:269,0
DA:270,0
DA:271,5
DA:272,5
DA:273,5
DA:274,5
DA:275,5
DA:276,5
DA:277,5
DA:278,5
DA:279,5
DA:280,5
DA:281,5
DA:282,254
DA:283,254
DA:284,254
DA:285,10
DA:286,10
DA:287,0
DA:288,0
DA:289,0
DA:290,0
DA:291,0
DA:292,0
DA:293,0
DA:294,0
DA:295,0
DA:296,0
DA:297,10
DA:298,10
DA:299,10
DA:300,0
DA:301,0
DA:302,10
DA:303,10
DA:304,10
DA:305,10
DA:306,10
DA:307,10
DA:308,10
DA:309,10
DA:310,5
DA:311,5
DA:312,5
DA:313,5
DA:314,5
DA:315,10
DA:316,10
DA:317,10
DA:318,10
DA:319,10
DA:320,8
DA:321,13
DA:322,8
DA:323,8
DA:324,8
DA:325,10
DA:326,10
DA:327,0
DA:328,10
DA:329,10
DA:330,8
DA:331,8
DA:332,8
DA:333,10
DA:334,10
DA:335,254
DA:336,254
DA:337,254
DA:338,33
DA:339,33
DA:340,0
DA:341,0
DA:342,33
DA:343,33
DA:344,33
DA:345,32
DA:346,32
DA:347,32
DA:348,32
DA:349,32
DA:350,21
DA:351,4
DA:352,4
DA:353,32
DA:354,32
DA:355,32
DA:356,33
DA:357,3
DA:358,2
DA:359,1
DA:360,1
DA:361,1
DA:362,1
DA:363,3
DA:364,3
DA:365,32
DA:366,32
DA:367,32
DA:368,32
DA:369,21
DA:370,21
DA:371,19
DA:372,19
DA:373,1
DA:374,1
DA:375,18
DA:376,19
DA:377,1
DA:378,1
DA:379,17
DA:380,19
DA:381,1
DA:382,1
DA:383,16
DA:384,19
DA:385,1
DA:386,1
DA:387,15
DA:388,19
DA:389,1
DA:390,1
DA:391,19
DA:392,16
DA:393,32
DA:394,32
DA:395,32
DA:396,16
DA:397,16
DA:398,2
DA:399,2
DA:400,2
DA:401,2
DA:402,2
DA:403,2
DA:404,2
DA:405,2
DA:406,14
DA:407,14
DA:408,16
DA:409,16
DA:410,16
DA:411,16
DA:412,9
DA:413,16
DA:414,5
DA:415,5
DA:416,0
DA:417,0
DA:418,14
DA:419,14
DA:420,14
DA:421,14
DA:422,14
DA:423,14
DA:424,14
DA:425,14
DA:426,14
DA:427,14
DA:428,32
DA:429,32
DA:430,32
DA:431,32
DA:432,32
DA:433,32
DA:434,33
DA:435,16
DA:436,10
DA:437,16
DA:438,0
DA:439,0
DA:440,0
DA:441,0
DA:442,0
DA:443,0
DA:444,0
DA:445,0
DA:446,0
DA:447,0
DA:448,16
DA:449,33
DA:450,1
DA:451,1
DA:452,33
DA:453,33
DA:454,33
DA:455,254
DA:456,254
DA:457,254
DA:458,254
DA:459,71
DA:460,254
DA:461,254
DA:462,254
DA:463,2
DA:464,2
DA:465,0
DA:466,0
DA:467,0
DA:468,2
DA:469,2
DA:470,1
DA:471,1
DA:472,1
DA:473,1
DA:474,1
DA:475,0
DA:476,0
DA:477,1
DA:478,1
DA:479,0
DA:480,2
DA:481,1
DA:482,1
DA:483,1
DA:484,254
DA:485,254
DA:486,254
DA:487,2
DA:488,2
DA:489,0
DA:490,0
DA:491,0
DA:492,2
DA:493,2
DA:494,1
DA:495,1
DA:496,1
DA:497,2
DA:498,1
DA:499,1
DA:500,1
DA:501,1
DA:502,1
DA:503,1
DA:504,1
DA:505,1
DA:506,1
DA:507,254
DA:508,254
DA:509,254
DA:510,5
DA:511,5
DA:512,0
DA:513,0
DA:514,0
DA:515,5
DA:516,5
DA:517,5
DA:518,5
DA:519,5
DA:520,5
DA:521,1
DA:522,0
DA:523,0
DA:524,0
DA:525,0
DA:526,0
DA:527,1
DA:528,1
DA:529,1
DA:530,1
DA:531,1
DA:532,1
DA:533,1
DA:534,1
DA:535,4
DA:536,3
DA:537,3
DA:538,3
DA:539,3
DA:540,3
DA:541,3
DA:542,3
DA:543,3
DA:544,3
DA:545,3
DA:546,3
DA:547,3
DA:548,3
DA:549,3
DA:550,3
DA:551,3
DA:552,4
DA:553,5
DA:554,1
DA:555,1
DA:556,1
DA:557,254
DA:558,254
DA:559,254
DA:560,5
DA:561,5
DA:562,0
DA:563,0
DA:564,0
DA:565,5
DA:566,5
DA:567,5
DA:568,5
DA:569,5
DA:570,5
DA:571,5
DA:572,5
DA:573,5
DA:574,5
DA:575,5
DA:576,5
DA:577,2
DA:578,2
DA:579,2
DA:580,2
DA:581,2
DA:582,2
DA:583,2
DA:584,2
DA:585,0
DA:586,5
DA:587,5
DA:588,5
DA:589,5
DA:590,5
DA:591,5
DA:592,5
DA:593,2
DA:594,2
DA:595,2
DA:596,2
DA:597,2
DA:598,2
DA:599,5
DA:600,5
DA:601,5
DA:602,0
DA:603,0
DA:604,0
DA:605,0
DA:606,0
DA:607,5
DA:608,5
DA:609,5
DA:610,4
DA:611,2
DA:612,2
DA:613,0
DA:614,0
DA:615,0
DA:616,0
DA:617,0
DA:618,0
DA:619,0
DA:620,0
DA:621,0
DA:622,0
DA:623,0
DA:624,0
DA:625,0
DA:626,0
DA:627,0
DA:628,0
DA:629,0
DA:630,0
DA:631,0
DA:632,0
DA:633,0
DA:634,0
DA:635,0
DA:636,0
DA:637,0
DA:638,0
DA:639,0
DA:640,0
DA:641,0
DA:642,0
DA:643,0
DA:644,2
DA:645,2
DA:646,2
DA:647,2
DA:648,1
DA:649,1
DA:650,1
DA:651,1
DA:652,0
DA:653,0
DA:654,0
DA:655,0
DA:656,0
DA:657,0
DA:658,0
DA:659,0
DA:660,1
DA:661,1
DA:662,1
DA:663,1
DA:664,1
DA:665,1
DA:666,3
DA:667,0
DA:668,0
DA:669,0
DA:670,0
DA:671,0
DA:672,0
DA:673,1
DA:674,1
DA:675,3
DA:676,0
DA:677,0
DA:678,0
DA:679,0
DA:680,0
DA:681,1
DA:682,1
DA:683,5
DA:684,2
DA:685,2
DA:686,2
DA:687,2
DA:688,2
DA:689,2
DA:690,2
DA:691,1
DA:692,1
DA:693,1
DA:694,1
DA:695,1
DA:696,1
DA:697,1
DA:698,0
DA:699,2
DA:700,2
DA:701,2
DA:702,2
DA:703,2
DA:704,2
DA:705,2
DA:706,1
DA:707,1
DA:708,1
DA:709,1
DA:710,1
DA:711,1
DA:712,2
DA:713,2
DA:714,2
DA:715,0
DA:716,0
DA:717,0
DA:718,0
DA:719,0
DA:720,2
DA:721,2
DA:722,2
DA:723,2
DA:724,254
DA:725,254
DA:726,254
DA:727,254
DA:728,6
DA:729,254
DA:730,254
DA:731,254
DA:732,254
DA:733,254
DA:734,121
DA:735,117
DA:736,117
DA:737,4
DA:738,4
DA:739,4
DA:740,4
DA:741,4
DA:742,4
DA:743,4
DA:744,4
DA:745,4
DA:746,2
DA:747,2
DA:748,2
DA:749,2
DA:750,2
DA:751,2
DA:752,2
DA:753,2
DA:754,2
DA:755,2
DA:756,2
DA:757,2
DA:758,2
DA:759,2
DA:760,4
DA:761,4
DA:762,4
DA:763,4
DA:764,4
DA:765,2
DA:766,2
DA:767,2
DA:768,2
DA:769,1
DA:770,1
DA:771,1
DA:772,2
DA:773,2
DA:774,2
DA:775,1
DA:776,1
DA:777,1
DA:778,1
DA:779,1
DA:780,2
DA:781,4
DA:782,4
DA:783,4
DA:784,4
DA:785,254
DA:786,254
DA:787,254
DA:788,12
DA:789,6
DA:790,6
DA:791,12
DA:792,1
DA:793,1
DA:794,6
DA:795,254
DA:796,254
DA:797,254
DA:798,3
DA:799,3
DA:800,254
DA:801,254
DA:802,254
DA:803,1
DA:804,1
DA:805,1
DA:806,1
DA:807,1
DA:808,0
DA:809,0
DA:810,0
DA:811,254
DA:812,254
DA:813,254
DA:814,2
DA:815,2
DA:816,0
DA:817,0
DA:818,0
DA:819,0
DA:820,2
DA:821,2
DA:822,2
DA:823,2
DA:824,0
DA:825,0
DA:826,0
DA:827,2
DA:828,0
DA:829,0
DA:830,2
DA:831,2
DA:832,2
DA:833,2
DA:834,2
DA:835,254
DA:836,254
DA:837,254
DA:838,2
DA:839,254
DA:840,254
DA:841,254
DA:842,254
DA:843,254
DA:844,254
DA:845,254
DA:846,254
DA:847,254
DA:848,254
DA:849,254
DA:850,254
DA:851,254
DA:852,254
DA:853,254
DA:854,254
DA:855,254
DA:856,254
DA:857,254
DA:858,254
DA:859,254
DA:860,254
DA:861,254
DA:862,254
DA:863,254
DA:864,254
DA:865,254
DA:866,254
DA:867,3
DA:868,3
DA:869,3
DA:870,254
DA:871,254
LF:871
LH:638
BRDA:11,0,0,254
BRDA:33,1,0,122
BRDA:110,2,0,122
BRDA:24,3,0,43
BRDA:29,4,0,75
BRDA:30,5,0,32
BRDA:30,6,0,32
BRDA:40,7,0,73
BRDA:41,8,0,29
BRDA:41,9,0,29
BRDA:42,10,0,9
BRDA:45,11,0,20
BRDA:49,12,0,44
BRDA:57,13,0,43
BRDA:59,14,0,0
BRDA:63,15,0,42
BRDA:65,16,0,1
BRDA:70,17,0,3
BRDA:72,18,0,0
BRDA:77,19,0,2
BRDA:78,20,0,1
BRDA:82,21,0,0
BRDA:96,22,0,36
BRDA:97,23,0,32
BRDA:97,24,0,32
BRDA:97,25,0,4
BRDA:99,26,0,32
BRDA:103,27,0,31
BRDA:105,28,0,1
BRDA:107,29,0,32
BRDA:112,30,0,2
BRDA:114,31,0,0
BRDA:119,32,0,1
BRDA:129,33,0,1
BRDA:131,34,0,0
BRDA:138,35,0,0
BRDA:150,36,0,0
BRDA:157,37,0,5
BRDA:159,38,0,0
BRDA:163,39,0,4
BRDA:172,40,0,0
BRDA:172,41,0,0
BRDA:172,42,0,0
BRDA:218,43,0,4
BRDA:218,44,0,0
BRDA:227,45,0,0
BRDA:232,46,0,0
BRDA:284,47,0,10
BRDA:286,48,0,0
BRDA:299,49,0,0
BRDA:309,50,0,5
BRDA:326,51,0,0
BRDA:304,52,0,8
BRDA:319,53,0,8
BRDA:320,54,0,13
BRDA:321,55,0,8
BRDA:321,56,0,5
BRDA:329,57,0,8
BRDA:337,58,0,33
BRDA:339,59,0,0
BRDA:344,60,0,32
BRDA:356,61,0,3
BRDA:364,62,0,32
BRDA:434,63,0,16
BRDA:435,64,0,14
BRDA:435,65,0,10
BRDA:435,66,0,10
BRDA:437,67,0,6
BRDA:437,68,0,4
BRDA:437,69,0,0
BRDA:437,70,0,0
BRDA:448,71,0,32
BRDA:449,72,0,1
BRDA:349,73,0,21
BRDA:350,74,0,19
BRDA:350,75,0,4
BRDA:357,76,0,2
BRDA:358,77,0,1
BRDA:368,78,0,21
BRDA:370,79,0,19
BRDA:372,80,0,18
BRDA:372,81,0,1
BRDA:374,82,0,18
BRDA:376,83,0,1
BRDA:378,84,0,17
BRDA:380,85,0,1
BRDA:382,86,0,16
BRDA:384,87,0,1
BRDA:386,88,0,15
BRDA:388,89,0,1
BRDA:391,90,0,16
BRDA:395,91,0,16
BRDA:397,92,0,2
BRDA:402,93,0,1
BRDA:405,94,0,14
BRDA:408,95,0,0
BRDA:411,96,0,9
BRDA:413,97,0,5
BRDA:415,98,0,0
BRDA:417,99,0,14
BRDA:458,100,0,71
BRDA:462,101,0,2
BRDA:464,102,0,0
BRDA:469,103,0,1
BRDA:471,104,0,0
BRDA:474,105,0,0
BRDA:474,106,0,0
BRDA:478,107,0,0
BRDA:480,108,0,1
BRDA:486,109,0,2
BRDA:488,110,0,0
BRDA:493,111,0,1
BRDA:497,112,0,1
BRDA:509,113,0,5
BRDA:511,114,0,0
BRDA:516,115,0,4
BRDA:517,116,0,3
BRDA:517,117,0,1
BRDA:520,118,0,3
BRDA:520,119,0,4
BRDA:520,120,0,1
BRDA:521,121,0,0
BRDA:535,122,0,3
BRDA:553,123,0,1
BRDA:554,124,0,0
BRDA:538,125,0,3
BRDA:546,126,0,3
BRDA:559,127,0,5
BRDA:561,128,0,0
BRDA:569,129,0,0
BRDA:570,130,0,0
BRDA:592,131,0,2
BRDA:601,132,0,0
BRDA:609,133,0,4
BRDA:609,134,0,3
BRDA:610,135,0,2
BRDA:612,136,0,0
BRDA:647,137,0,3
BRDA:647,138,0,1
BRDA:666,139,0,0
BRDA:672,140,0,1
BRDA:675,141,0,0
BRDA:680,142,0,1
BRDA:683,143,0,2
BRDA:686,144,0,0
BRDA:705,145,0,1
BRDA:714,146,0,0
BRDA:575,147,0,5
BRDA:576,148,0,2
BRDA:584,149,0,0
BRDA:650,150,0,1
BRDA:689,151,0,2
BRDA:690,152,0,1
BRDA:697,153,0,0
BRDA:727,154,0,6
BRDA:733,155,0,121
BRDA:734,156,0,117
BRDA:736,157,0,4
BRDA:744,158,0,4
BRDA:745,159,0,2
BRDA:745,160,0,2
BRDA:747,161,0,2
BRDA:763,162,0,4
BRDA:764,163,0,2
BRDA:768,164,0,1
BRDA:768,165,0,1
BRDA:769,166,0,0
BRDA:774,167,0,1
BRDA:770,168,0,1
BRDA:784,169,0,4
BRDA:787,170,0,12
BRDA:788,171,0,6
BRDA:791,172,0,1
BRDA:793,173,0,6
BRDA:792,174,0,1
BRDA:797,175,0,3
BRDA:802,176,0,1
BRDA:807,177,0,0
BRDA:805,178,0,1
BRDA:813,179,0,2
BRDA:815,180,0,0
BRDA:823,181,0,0
BRDA:827,182,0,0
BRDA:837,183,0,2
BRDA:838,184,0,1
BRDA:838,185,0,0
BRDA:866,186,0,3
BRDA:868,187,0,0
BRF:188
BRH:139
end_of_record
TN:
SF:src\hooks\useArchiveExtraction.ts
FN:9,useArchiveExtraction
FNF:1
FNH:1
FNDA:25,useArchiveExtraction
DA:1,1
DA:2,1
DA:3,1
DA:4,1
DA:5,1
DA:6,1
DA:7,1
DA:8,1
DA:9,1
DA:10,25
DA:11,25
DA:12,25
DA:13,25
DA:14,25
DA:15,25
DA:16,25
DA:17,25
DA:18,10
DA:19,10
DA:20,10
DA:21,10
DA:22,10
DA:23,10
DA:24,10
DA:25,10
DA:26,10
DA:27,10
DA:28,10
DA:29,10
DA:30,10
DA:31,10
DA:32,10
DA:33,10
DA:34,10
DA:35,10
DA:36,10
DA:37,10
DA:38,10
DA:39,10
DA:40,10
DA:41,10
DA:42,10
DA:43,10
DA:44,1
DA:45,1
DA:46,9
DA:47,9
DA:48,9
DA:49,8
DA:50,8
DA:51,8
DA:52,8
DA:53,8
DA:54,8
DA:55,8
DA:56,8
DA:57,8
DA:58,8
DA:59,8
DA:60,8
DA:61,8
DA:62,8
DA:63,8
DA:64,8
DA:65,8
DA:66,8
DA:67,8
DA:68,8
DA:69,8
DA:70,8
DA:71,8
DA:72,8
DA:73,8
DA:74,10
DA:75,0
DA:76,0
DA:77,0
DA:78,0
DA:79,0
DA:80,0
DA:81,0
DA:82,0
DA:83,0
DA:84,0
DA:85,0
DA:86,0
DA:87,0
DA:88,0
DA:89,0
DA:90,0
DA:91,10
DA:92,7
DA:93,7
DA:94,7
DA:95,7
DA:96,7
DA:97,28
DA:98,28
DA:99,7
DA:100,7
DA:101,8
DA:102,0
DA:103,0
DA:104,0
DA:105,1
DA:106,1
DA:107,1
DA:108,0
DA:109,0
DA:110,10
DA:111,10
DA:112,10
DA:113,10
DA:114,10
DA:115,10
DA:116,10
DA:117,10
DA:118,10
DA:119,10
DA:120,10
DA:121,0
DA:122,0
DA:123,0
DA:124,0
DA:125,0
DA:126,0
DA:127,0
DA:128,0
DA:129,0
DA:130,0
DA:131,0
DA:132,0
DA:133,0
DA:134,0
DA:135,0
DA:136,0
DA:137,0
DA:138,0
DA:139,0
DA:140,0
DA:141,0
DA:142,0
DA:143,0
DA:144,0
DA:145,0
DA:146,0
DA:147,0
DA:148,0
DA:149,0
DA:150,0
DA:151,0
DA:152,0
DA:153,0
DA:154,0
DA:155,0
DA:156,0
DA:157,0
DA:158,0
DA:159,0
DA:160,0
DA:161,0
DA:162,0
DA:163,0
DA:164,0
DA:165,0
DA:166,0
DA:167,0
DA:168,0
DA:169,0
DA:170,0
DA:171,0
DA:172,0
DA:173,0
DA:174,0
DA:175,0
DA:176,0
DA:177,0
DA:178,0
DA:179,0
DA:180,0
DA:181,0
DA:182,0
DA:183,0
DA:184,0
DA:185,0
DA:186,0
DA:187,0
DA:188,0
DA:189,0
DA:190,0
DA:191,0
DA:192,0
DA:193,0
DA:194,0
DA:195,0
DA:196,0
DA:197,0
DA:198,0
DA:199,0
DA:200,0
DA:201,0
DA:202,0
DA:203,0
DA:204,0
DA:205,0
DA:206,0
DA:207,0
DA:208,0
DA:209,0
DA:210,0
DA:211,0
DA:212,0
DA:213,0
DA:214,0
DA:215,0
DA:216,10
DA:217,10
DA:218,10
DA:219,10
DA:220,10
DA:221,10
DA:222,10
DA:223,10
DA:224,10
DA:225,10
DA:226,10
DA:227,0
DA:228,10
DA:229,10
DA:230,0
DA:231,0
DA:232,10
DA:233,10
DA:234,10
DA:235,25
DA:236,25
DA:237,25
DA:238,1
DA:239,1
DA:240,1
DA:241,1
DA:242,1
DA:243,25
DA:244,25
DA:245,25
DA:246,25
DA:247,25
DA:248,25
DA:249,25
DA:250,25
DA:251,25
DA:252,25
DA:253,25
DA:254,25
LF:254
LH:135
BRDA:9,0,0,25
BRDA:17,1,0,10
BRDA:43,2,0,1
BRDA:45,3,0,9
BRDA:48,4,0,8
BRDA:74,5,0,1
BRDA:74,6,0,0
BRDA:91,7,0,8
BRDA:91,8,0,7
BRDA:96,9,0,28
BRDA:100,10,0,0
BRDA:101,11,0,1
BRDA:101,12,0,0
BRDA:107,13,0,0
BRDA:110,14,0,0
BRDA:120,15,0,0
BRDA:229,16,0,0
BRDA:237,17,0,1
BRF:18
BRH:11
end_of_record
TN:
SF:src\hooks\usePDFExtraction.ts
FN:8,usePDFExtraction
FNF:1
FNH:1
FNDA:37,usePDFExtraction
DA:1,1
DA:2,1
DA:3,1
DA:4,1
DA:5,1
DA:6,1
DA:7,1
DA:8,1
DA:9,37
DA:10,37
DA:11,37
DA:12,37
DA:13,37
DA:14,37
DA:15,37
DA:16,16
DA:17,16
DA:18,16
DA:19,16
DA:20,16
DA:21,16
DA:22,16
DA:23,16
DA:24,16
DA:25,16
DA:26,16
DA:27,16
DA:28,16
DA:29,16
DA:30,16
DA:31,1
DA:32,1
DA:33,15
DA:34,15
DA:35,15
DA:36,13
DA:37,13
DA:38,13
DA:39,13
DA:40,13
DA:41,13
DA:42,13
DA:43,13
DA:44,13
DA:45,16
DA:46,1
DA:47,1
DA:48,12
DA:49,12
DA:50,12
DA:51,12
DA:52,12
DA:53,11
DA:54,11
DA:55,11
DA:56,11
DA:57,11
DA:58,11
DA:59,11
DA:60,11
DA:61,11
DA:62,11
DA:63,11
DA:64,11
DA:65,16
DA:66,3
DA:67,1
DA:68,1
DA:69,3
DA:70,1
DA:71,1
DA:72,1
DA:73,1
DA:74,1
DA:75,4
DA:76,4
DA:77,1
DA:78,1
DA:79,1
DA:80,1
DA:81,1
DA:82,16
DA:83,4
DA:84,4
DA:85,4
DA:86,4
DA:87,4
DA:88,15
DA:89,15
DA:90,3
DA:91,3
DA:92,4
DA:93,1
DA:94,1
DA:95,1
DA:96,4
DA:97,3
DA:98,3
DA:99,0
DA:100,0
DA:101,16
DA:102,16
DA:103,16
DA:104,16
DA:105,16
DA:106,16
DA:107,16
DA:108,16
DA:109,16
DA:110,16
DA:111,16
DA:112,0
DA:113,0
DA:114,0
DA:115,0
DA:116,0
DA:117,0
DA:118,0
DA:119,0
DA:120,0
DA:121,0
DA:122,0
DA:123,0
DA:124,0
DA:125,0
DA:126,0
DA:127,0
DA:128,0
DA:129,0
DA:130,0
DA:131,0
DA:132,0
DA:133,0
DA:134,0
DA:135,0
DA:136,0
DA:137,0
DA:138,0
DA:139,0
DA:140,0
DA:141,0
DA:142,0
DA:143,0
DA:144,0
DA:145,0
DA:146,0
DA:147,0
DA:148,0
DA:149,0
DA:150,0
DA:151,0
DA:152,0
DA:153,0
DA:154,0
DA:155,0
DA:156,0
DA:157,0
DA:158,0
DA:159,0
DA:160,0
DA:161,0
DA:162,0
DA:163,0
DA:164,0
DA:165,0
DA:166,0
DA:167,16
DA:168,16
DA:169,16
DA:170,16
DA:171,16
DA:172,16
DA:173,37
DA:174,37
DA:175,37
DA:176,2
DA:177,2
DA:178,2
DA:179,2
DA:180,2
DA:181,37
DA:182,37
DA:183,37
DA:184,37
DA:185,37
DA:186,37
DA:187,37
DA:188,37
DA:189,37
DA:190,37
DA:191,37
DA:192,37
LF:192
LH:135
BRDA:8,0,0,37
BRDA:15,1,0,16
BRDA:30,2,0,1
BRDA:32,3,0,15
BRDA:35,4,0,13
BRDA:45,5,0,14
BRDA:45,6,0,1
BRDA:47,7,0,12
BRDA:52,8,0,11
BRDA:65,9,0,9
BRDA:65,10,0,5
BRDA:65,11,0,3
BRDA:66,12,0,1
BRDA:68,13,0,0
BRDA:69,14,0,2
BRDA:69,15,0,1
BRDA:74,16,0,4
BRDA:78,17,0,0
BRDA:82,18,0,8
BRDA:82,19,0,4
BRDA:87,20,0,15
BRDA:89,21,0,3
BRDA:91,22,0,0
BRDA:92,23,0,1
BRDA:95,24,0,0
BRDA:96,25,0,3
BRDA:98,26,0,0
BRDA:101,27,0,0
BRDA:111,28,0,0
BRDA:175,29,0,2
BRF:30
BRH:23
end_of_record
TN:
SF:src\utils\constants.ts
FNF:0
FNH:0
DA:1,1
DA:2,1
DA:3,1
LF:3
LH:3
BRF:0
BRH:0
end_of_record
TN:
SF:src\utils\errorMessages.ts
FN:15,getUserFriendlyError
FN:111,getErrorGuidance
FNF:2
FNH:2
FNDA:84,getUserFriendlyError
FNDA:14,getErrorGuidance
DA:1,1
DA:2,1
DA:3,1
DA:4,1
DA:5,1
DA:6,1
DA:7,1
DA:8,1
DA:9,1
DA:10,1
DA:11,1
DA:12,1
DA:13,1
DA:14,1
DA:15,1
DA:16,84
DA:17,84
DA:18,84
DA:19,84
DA:20,84
DA:21,5
DA:22,5
DA:23,79
DA:24,84
DA:25,8
DA:26,8
DA:27,71
DA:28,84
DA:29,2
DA:30,2
DA:31,69
DA:32,84
DA:33,2
DA:34,2
DA:35,67
DA:36,84
DA:37,20
DA:38,20
DA:39,47
DA:40,84
DA:41,2
DA:42,2
DA:43,45
DA:44,45
DA:45,84
DA:46,3
DA:47,3
DA:48,42
DA:49,84
DA:50,4
DA:51,4
DA:52,38
DA:53,84
DA:54,2
DA:55,2
DA:56,36
DA:57,84
DA:58,3
DA:59,3
DA:60,33
DA:61,84
DA:62,2
DA:63,2
DA:64,31
DA:65,84
DA:66,2
DA:67,2
DA:68,29
DA:69,84
DA:70,2
DA:71,2
DA:72,27
DA:73,27
DA:74,84
DA:75,2
DA:76,2
DA:77,25
DA:78,84
DA:79,2
DA:80,2
DA:81,23
DA:82,23
DA:83,74
DA:84,1
DA:85,1
DA:86,22
DA:87,74
DA:88,0
DA:89,0
DA:90,22
DA:91,22
DA:92,84
DA:93,16
DA:94,16
DA:95,16
DA:96,16
DA:97,16
DA:98,16
DA:99,16
DA:100,15
DA:101,15
DA:102,16
DA:103,7
DA:104,7
DA:105,7
DA:106,7
DA:107,1
DA:108,1
DA:109,1
DA:110,1
DA:111,1
DA:112,14
DA:113,14
DA:114,14
DA:115,14
DA:116,5
DA:117,5
DA:118,9
DA:119,14
DA:120,3
DA:121,3
DA:122,6
DA:123,14
DA:124,2
DA:125,2
DA:126,4
DA:127,14
DA:128,1
DA:129,1
DA:130,3
DA:131,3
DA:132,3
LF:132
LH:130
BRDA:15,0,0,84
BRDA:16,1,0,37
BRDA:16,2,0,47
BRDA:20,3,0,79
BRDA:20,4,0,5
BRDA:22,5,0,83
BRDA:22,6,0,79
BRDA:24,7,0,73
BRDA:24,8,0,72
BRDA:24,9,0,8
BRDA:26,10,0,79
BRDA:26,11,0,71
BRDA:28,12,0,70
BRDA:28,13,0,2
BRDA:30,14,0,79
BRDA:30,15,0,69
BRDA:32,16,0,68
BRDA:32,17,0,2
BRDA:34,18,0,83
BRDA:34,19,0,67
BRDA:36,20,0,54
BRDA:36,21,0,53
BRDA:36,22,0,82
BRDA:36,23,0,20
BRDA:38,24,0,62
BRDA:38,25,0,47
BRDA:40,26,0,46
BRDA:40,27,0,74
BRDA:40,28,0,2
BRDA:42,29,0,62
BRDA:42,30,0,45
BRDA:45,31,0,44
BRDA:45,32,0,43
BRDA:45,33,0,74
BRDA:45,34,0,3
BRDA:47,35,0,62
BRDA:47,36,0,42
BRDA:49,37,0,40
BRDA:49,38,0,39
BRDA:49,39,0,74
BRDA:49,40,0,4
BRDA:51,41,0,62
BRDA:51,42,0,38
BRDA:53,43,0,37
BRDA:53,44,0,74
BRDA:53,45,0,2
BRDA:55,46,0,62
BRDA:55,47,0,36
BRDA:57,48,0,34
BRDA:57,49,0,74
BRDA:57,50,0,3
BRDA:59,51,0,62
BRDA:59,52,0,33
BRDA:61,53,0,32
BRDA:61,54,0,74
BRDA:61,55,0,2
BRDA:63,56,0,62
BRDA:63,57,0,31
BRDA:65,58,0,30
BRDA:65,59,0,74
BRDA:65,60,0,2
BRDA:67,61,0,62
BRDA:67,62,0,29
BRDA:69,63,0,28
BRDA:69,64,0,74
BRDA:69,65,0,2
BRDA:71,66,0,62
BRDA:71,67,0,27
BRDA:74,68,0,26
BRDA:74,69,0,74
BRDA:74,70,0,2
BRDA:76,71,0,62
BRDA:76,72,0,25
BRDA:78,73,0,24
BRDA:78,74,0,1
BRDA:78,75,0,74
BRDA:78,76,0,2
BRDA:80,77,0,23
BRDA:83,78,0,1
BRDA:85,79,0,22
BRDA:87,80,0,0
BRDA:89,81,0,72
BRDA:89,82,0,22
BRDA:92,83,0,17
BRDA:92,84,0,16
BRDA:92,85,0,19
BRDA:92,86,0,16
BRDA:99,87,0,15
BRDA:102,88,0,7
BRDA:111,89,0,14
BRDA:112,90,0,1
BRDA:112,91,0,13
BRDA:115,92,0,11
BRDA:115,93,0,10
BRDA:115,94,0,5
BRDA:117,95,0,9
BRDA:119,96,0,7
BRDA:119,97,0,3
BRDA:121,98,0,6
BRDA:123,99,0,5
BRDA:123,100,0,2
BRDA:125,101,0,4
BRDA:127,102,0,1
BRDA:129,103,0,3
BRF:104
BRH:103
end_of_record
TN:
SF:src\utils\logger.ts
FN:12,log
FN:26,info
FN:38,warn
FN:50,error
FN:62,debug
FNF:5
FNH:5
FNDA:4,log
FNDA:2,info
FNDA:3,warn
FNDA:18,error
FNDA:1,debug
DA:1,1
DA:2,1
DA:3,1
DA:4,1
DA:5,1
DA:6,1
DA:7,1
DA:8,1
DA:9,1
DA:10,1
DA:11,1
DA:12,1
DA:13,4
DA:14,4
DA:15,4
DA:16,0
DA:17,0
DA:18,0
DA:19,0
DA:20,0
DA:21,0
DA:22,0
DA:23,0
DA:24,4
DA:25,1
DA:26,1
DA:27,2
DA:28,2
DA:29,2
DA:30,0
DA:31,0
DA:32,0
DA:33,0
DA:34,0
DA:35,0
DA:36,2
DA:37,1
DA:38,1
DA:39,3
DA:40,3
DA:41,3
DA:42,0
DA:43,0
DA:44,0
DA:45,0
DA:46,0
DA:47,0
DA:48,3
DA:49,1
DA:50,1
DA:51,18
DA:52,18
DA:53,18
DA:54,18
DA:55,18
DA:56,0
DA:57,0
DA:58,0
DA:59,0
DA:60,18
DA:61,1
DA:62,1
DA:63,1
DA:64,1
DA:65,1
DA:66,0
DA:67,0
DA:68,0
DA:69,0
DA:70,1
DA:71,1
LF:71
LH:43
BRDA:4,0,0,0
BRDA:12,1,0,4
BRDA:15,2,0,0
BRDA:26,3,0,2
BRDA:29,4,0,0
BRDA:38,5,0,3
BRDA:41,6,0,0
BRDA:50,7,0,18
BRDA:55,8,0,0
BRDA:55,9,0,0
BRDA:62,10,0,1
BRDA:65,11,0,0
BRF:12
BRH:5
end_of_record
TN:
SF:src\utils\pathValidator.ts
FN:7,isValidPDFFile
FN:19,isSafePath
FN:40,isValidDirectory
FN:51,isValidFolderName
FNF:4
FNH:4
FNDA:16,isValidPDFFile
FNDA:18,isSafePath
FNDA:9,isValidDirectory
FNDA:28,isValidFolderName
DA:1,1
DA:2,1
DA:3,1
DA:4,1
DA:5,1
DA:6,1
DA:7,1
DA:8,16
DA:9,4
DA:10,4
DA:11,12
DA:12,12
DA:13,12
DA:14,12
DA:15,1
DA:16,1
DA:17,1
DA:18,1
DA:19,1
DA:20,18
DA:21,4
DA:22,4
DA:23,14
DA:24,14
DA:25,14
DA:26,14
DA:27,14
DA:28,18
DA:29,31
DA:30,7
DA:31,7
DA:32,31
DA:33,7
DA:34,7
DA:35,7
DA:36,1
DA:37,1
DA:38,1
DA:39,1
DA:40,1
DA:41,9
DA:42,4
DA:43,4
DA:44,5
DA:45,5
DA:46,5
DA:47,1
DA:48,1
DA:49,1
DA:50,1
DA:51,1
DA:52,28
DA:53,4
DA:54,4
DA:55,24
DA:56,24
DA:57,24
DA:58,28
DA:59,9
DA:60,9
DA:61,15
DA:62,15
DA:63,15
DA:64,28
DA:65,8
DA:66,8
DA:67,7
DA:68,7
DA:69,28
DA:70,1
DA:71,1
DA:72,6
DA:73,6
DA:74,6
LF:74
LH:74
BRDA:7,0,0,16
BRDA:8,1,0,13
BRDA:8,2,0,4
BRDA:10,3,0,12
BRDA:19,4,0,18
BRDA:20,5,0,15
BRDA:20,6,0,4
BRDA:22,7,0,14
BRDA:28,8,0,31
BRDA:29,9,0,7
BRDA:32,10,0,7
BRDA:40,11,0,9
BRDA:41,12,0,6
BRDA:41,13,0,4
BRDA:43,14,0,5
BRDA:51,15,0,28
BRDA:52,16,0,25
BRDA:52,17,0,4
BRDA:54,18,0,24
BRDA:58,19,0,9
BRDA:60,20,0,15
BRDA:64,21,0,8
BRDA:66,22,0,7
BRDA:69,23,0,1
BRDA:71,24,0,6
BRF:25
BRH:25
end_of_record
TN:
SF:src\utils\pdfSource.ts
FN:6,createChunkedPDFSource
FNF:1
FNH:1
FNDA:5,createChunkedPDFSource
DA:1,1
DA:2,1
DA:3,1
DA:4,1
DA:5,1
DA:6,5
DA:7,5
DA:8,5
DA:9,5
DA:10,5
DA:11,1
DA:12,1
DA:13,4
DA:14,4
DA:15,4
DA:16,4
DA:17,4
DA:18,4
DA:19,4
DA:20,4
DA:21,4
DA:22,5
DA:23,6
DA:24,6
DA:25,6
DA:26,6
DA:27,6
DA:28,6
DA:29,6
DA:30,6
DA:31,28
DA:32,28
DA:33,6
DA:34,6
DA:35,6
DA:36,6
DA:37,4
DA:38,4
DA:39,4
DA:40,4
DA:41,4
DA:42,5
DA:43,6
DA:44,6
DA:45,6
DA:46,4
DA:47,4
DA:48,4
DA:49,4
DA:50,4
DA:51,4
DA:52,4
DA:53,4
DA:54,4
DA:55,4
DA:56,4
DA:57,4
DA:58,4
DA:59,4
DA:60,4
DA:61,2
DA:62,2
DA:63,2
DA:64,2
DA:65,2
DA:66,2
DA:67,4
DA:68,1
DA:69,1
DA:70,1
DA:71,1
DA:72,5
LF:72
LH:72
BRDA:6,0,0,5
BRDA:10,1,0,1
BRDA:12,2,0,4
BRDA:22,3,0,6
BRDA:30,4,0,28
BRDA:36,5,0,4
BRDA:42,6,0,6
BRDA:45,7,0,4
BRDA:60,8,0,2
BRDA:67,9,0,1
BRDA:39,10,0,6
BRF:11
BRH:11
end_of_record
TN:
SF:src\utils\pdfWorker.ts
FN:4,setupPDFWorker
FNF:1
FNH:1
FNDA:31,setupPDFWorker
DA:1,1
DA:2,1
DA:3,1
DA:4,31
DA:5,31
DA:6,31
DA:7,31
DA:8,31
DA:9,31
DA:10,31
DA:11,31
LF:11
LH:11
BRDA:4,0,0,31
BRF:1
BRH:1
end_of_record
